<?xml version="1.0" encoding="utf-8"?><testsuites name="pytest tests"><testsuite name="pytest" errors="0" failures="10" skipped="0" tests="23" time="4.513" timestamp="2026-02-15T01:12:32.413639+00:00" hostname="agent-env-94409f1f-3468-484a-9b88-3a3cea44e44b"><testcase classname="tests.test_controller_refactoring.TestHealthEndpoints" name="test_health_endpoint_responds" time="1.113"><failure message="AssertionError: Expected 200, got 520&#10;assert 520 == 200&#10; +  where 520 = &lt;Response [520]&gt;.status_code">tests/test_controller_refactoring.py:42: in test_health_endpoint_responds
    assert response.status_code == 200, f"Expected 200, got {response.status_code}"
E   AssertionError: Expected 200, got 520
E   assert 520 == 200
E    +  where 520 = &lt;Response [520]&gt;.status_code</failure></testcase><testcase classname="tests.test_controller_refactoring.TestHealthEndpoints" name="test_root_health_endpoint" time="0.194"><failure message="AssertionError: Expected 200, got 520&#10;assert 520 == 200&#10; +  where 520 = &lt;Response [520]&gt;.status_code">tests/test_controller_refactoring.py:58: in test_root_health_endpoint
    assert response.status_code == 200, f"Expected 200, got {response.status_code}"
E   AssertionError: Expected 200, got 520
E   assert 520 == 200
E    +  where 520 = &lt;Response [520]&gt;.status_code</failure></testcase><testcase classname="tests.test_controller_refactoring.TestStatusEndpoints" name="test_status_endpoint_returns_valid_json" time="0.191"><failure message="AssertionError: Expected 200, got 520&#10;assert 520 == 200&#10; +  where 520 = &lt;Response [520]&gt;.status_code">tests/test_controller_refactoring.py:70: in test_status_endpoint_returns_valid_json
    assert response.status_code == 200, f"Expected 200, got {response.status_code}"
E   AssertionError: Expected 200, got 520
E   assert 520 == 200
E    +  where 520 = &lt;Response [520]&gt;.status_code</failure></testcase><testcase classname="tests.test_controller_refactoring.TestStatusEndpoints" name="test_services_status_endpoint" time="0.194"><failure message="AssertionError: Expected 200, got 520&#10;assert 520 == 200&#10; +  where 520 = &lt;Response [520]&gt;.status_code">tests/test_controller_refactoring.py:87: in test_services_status_endpoint
    assert response.status_code == 200, f"Expected 200, got {response.status_code}"
E   AssertionError: Expected 200, got 520
E   assert 520 == 200
E    +  where 520 = &lt;Response [520]&gt;.status_code</failure></testcase><testcase classname="tests.test_controller_refactoring.TestStatusEndpoints" name="test_uptime_endpoint" time="0.110"><failure message="AssertionError: Expected 200, got 520&#10;assert 520 == 200&#10; +  where 520 = &lt;Response [520]&gt;.status_code">tests/test_controller_refactoring.py:95: in test_uptime_endpoint
    assert response.status_code == 200, f"Expected 200, got {response.status_code}"
E   AssertionError: Expected 200, got 520
E   assert 520 == 200
E    +  where 520 = &lt;Response [520]&gt;.status_code</failure></testcase><testcase classname="tests.test_controller_refactoring.TestStatusEndpoints" name="test_incidents_endpoint" time="0.182"><failure message="AssertionError: Expected 200, got 520&#10;assert 520 == 200&#10; +  where 520 = &lt;Response [520]&gt;.status_code">tests/test_controller_refactoring.py:103: in test_incidents_endpoint
    assert response.status_code == 200, f"Expected 200, got {response.status_code}"
E   AssertionError: Expected 200, got 520
E   assert 520 == 200
E    +  where 520 = &lt;Response [520]&gt;.status_code</failure></testcase><testcase classname="tests.test_controller_refactoring.TestControllerRoutes" name="test_root_api_endpoint" time="0.279"><failure message="AssertionError: Unexpected status: 520&#10;assert 520 in [200, 301, 302, 307, 308]&#10; +  where 520 = &lt;Response [520]&gt;.status_code">tests/test_controller_refactoring.py:116: in test_root_api_endpoint
    assert response.status_code in [200, 301, 302, 307, 308], f"Unexpected status: {response.status_code}"
E   AssertionError: Unexpected status: 520
E   assert 520 in [200, 301, 302, 307, 308]
E    +  where 520 = &lt;Response [520]&gt;.status_code</failure></testcase><testcase classname="tests.test_controller_refactoring.TestControllerRoutes" name="test_user_endpoints_accessible" time="0.212" /><testcase classname="tests.test_controller_refactoring.TestControllerRoutes" name="test_company_endpoints_accessible" time="0.181" /><testcase classname="tests.test_controller_refactoring.TestControllerRoutes" name="test_wallet_endpoints_accessible" time="0.121" /><testcase classname="tests.test_controller_refactoring.TestControllerRoutes" name="test_admin_endpoints_accessible" time="0.086" /><testcase classname="tests.test_controller_refactoring.TestControllerRoutes" name="test_payment_endpoints_accessible" time="0.113" /><testcase classname="tests.test_controller_refactoring.TestControllerRoutes" name="test_api_key_endpoints_accessible" time="0.118" /><testcase classname="tests.test_controller_refactoring.TestControllerRoutes" name="test_notification_endpoints_accessible" time="0.181" /><testcase classname="tests.test_controller_refactoring.TestControllerRoutes" name="test_invoice_endpoints_accessible" time="0.089" /><testcase classname="tests.test_controller_refactoring.TestControllerRoutes" name="test_subscription_endpoints_accessible" time="0.098" /><testcase classname="tests.test_controller_refactoring.TestControllerRoutes" name="test_tax_endpoints_accessible" time="0.114" /><testcase classname="tests.test_controller_refactoring.TestControllerRoutes" name="test_dashboard_endpoints_accessible" time="0.088" /><testcase classname="tests.test_controller_refactoring.TestErrorHandling" name="test_invalid_endpoint_returns_404" time="0.093"><failure message="AssertionError: Expected 404, got 520&#10;assert 520 == 404&#10; +  where 520 = &lt;Response [520]&gt;.status_code">tests/test_controller_refactoring.py:194: in test_invalid_endpoint_returns_404
    assert response.status_code == 404, f"Expected 404, got {response.status_code}"
E   AssertionError: Expected 404, got 520
E   assert 520 == 404
E    +  where 520 = &lt;Response [520]&gt;.status_code</failure></testcase><testcase classname="tests.test_controller_refactoring.TestErrorHandling" name="test_malformed_request_handled_gracefully" time="0.110"><failure message="AssertionError: Expected error handling response, got 520&#10;assert 520 in [400, 401, 403, 404, 422]&#10; +  where 520 = &lt;Response [520]&gt;.status_code">tests/test_controller_refactoring.py:205: in test_malformed_request_handled_gracefully
    assert response.status_code in [400, 401, 403, 404, 422], \
E   AssertionError: Expected error handling response, got 520
E   assert 520 in [400, 401, 403, 404, 422]
E    +  where 520 = &lt;Response [520]&gt;.status_code</failure></testcase><testcase classname="tests.test_controller_refactoring.TestDiagnosticsEndpoints" name="test_email_preview_diagnostic" time="0.087" /><testcase classname="tests.test_controller_refactoring.TestDiagnosticsEndpoints" name="test_binance_ping_diagnostic" time="0.114" /><testcase classname="tests.test_controller_refactoring.TestSwaggerDocs" name="test_swagger_docs_accessible" time="0.094"><failure message="AssertionError: Swagger docs inaccessible: 520&#10;assert 520 in [200, 301, 302]&#10; +  where 520 = &lt;Response [520]&gt;.status_code">tests/test_controller_refactoring.py:235: in test_swagger_docs_accessible
    assert response.status_code in [200, 301, 302], f"Swagger docs inaccessible: {response.status_code}"
E   AssertionError: Swagger docs inaccessible: 520
E   assert 520 in [200, 301, 302]
E    +  where 520 = &lt;Response [520]&gt;.status_code</failure></testcase></testsuite></testsuites>