<?xml version="1.0" encoding="utf-8"?><testsuites name="pytest tests"><testsuite name="pytest" errors="0" failures="1" skipped="0" tests="18" time="4.097" timestamp="2026-02-16T02:29:54.686957+00:00" hostname="agent-env-664f6656-9ff0-4065-81d2-307150199eed"><testcase classname="tests.test_p0_p3_features.TestP1CSRFProtection" name="test_csrf_token_endpoint_returns_token" time="0.006" /><testcase classname="tests.test_p0_p3_features.TestP1GlobalErrorHandler" name="test_malformed_json_returns_400_not_500" time="0.008" /><testcase classname="tests.test_p0_p3_features.TestP1GlobalErrorHandler" name="test_malformed_json_on_other_endpoints" time="0.009" /><testcase classname="tests.test_p0_p3_features.TestP3InputValidation" name="test_login_empty_body_returns_400" time="0.329" /><testcase classname="tests.test_p0_p3_features.TestP3InputValidation" name="test_login_invalid_email_returns_400" time="0.426" /><testcase classname="tests.test_p0_p3_features.TestP3InputValidation" name="test_2fa_validate_empty_body_returns_400" time="0.322" /><testcase classname="tests.test_p0_p3_features.TestP3InputValidation" name="test_2fa_validate_invalid_user_id_returns_400" time="0.320" /><testcase classname="tests.test_p0_p3_features.TestP3InputValidation" name="test_forgot_password_empty_body_returns_400" time="0.320" /><testcase classname="tests.test_p0_p3_features.TestP3InputValidation" name="test_forgot_password_invalid_email_returns_400" time="0.326" /><testcase classname="tests.test_p0_p3_features.TestP3InputValidation" name="test_reset_password_empty_body_returns_400" time="0.320" /><testcase classname="tests.test_p0_p3_features.TestP3InputValidation" name="test_reset_password_missing_token_returns_400" time="0.321" /><testcase classname="tests.test_p0_p3_features.TestP2SwaggerDocs" name="test_swagger_docs_available" time="0.047" /><testcase classname="tests.test_p0_p3_features.TestP2SwaggerDocs" name="test_swagger_json_available" time="0.016" /><testcase classname="tests.test_p0_p3_features.TestP0_2FAValidate" name="test_2fa_validate_with_invalid_token_returns_401" time="0.543" /><testcase classname="tests.test_p0_p3_features.TestP0_2FAValidate" name="test_2fa_validate_response_schema_on_success_path" time="0.046" /><testcase classname="tests.test_p0_p3_features.TestAdminLogin" name="test_admin_login_returns_token" time="0.114"><failure message="AssertionError: assert None == True&#10; +  where None = &lt;built-in method get of dict object at 0xfd3de4d07f00&gt;('success')&#10; +    where &lt;built-in method get of dict object at 0xfd3de4d07f00&gt; = {'data': {'accessToken': 'eyJhbGciOiJIUzI1NiIsInR5cCI6IkpXVCJ9.eyJlbWFpbCI6Im1veHhjb21wYW55QGdtYWlsLmNvbSIsInJvbGUiOiJBRE1JTiIsImlhdCI6MTc3MTIwODk5OCwiZXhwIjoxODAyNzQ0OTk4fQ.jHnvQ1Pd0KG1lkpgGrHNpg2jLVyy9hnW0FywqT1Z0hA'}, 'message': 'Login Success!'}.get">tests/test_p0_p3_features.py:277: in test_admin_login_returns_token
    assert data.get("success") == True
E   AssertionError: assert None == True
E    +  where None = &lt;built-in method get of dict object at 0xfd3de4d07f00&gt;('success')
E    +    where &lt;built-in method get of dict object at 0xfd3de4d07f00&gt; = {'data': {'accessToken': 'eyJhbGciOiJIUzI1NiIsInR5cCI6IkpXVCJ9.eyJlbWFpbCI6Im1veHhjb21wYW55QGdtYWlsLmNvbSIsInJvbGUiOiJBRE1JTiIsImlhdCI6MTc3MTIwODk5OCwiZXhwIjoxODAyNzQ0OTk4fQ.jHnvQ1Pd0KG1lkpgGrHNpg2jLVyy9hnW0FywqT1Z0hA'}, 'message': 'Login Success!'}.get</failure></testcase><testcase classname="tests.test_p0_p3_features.TestHealthAndBasics" name="test_health_endpoint" time="0.321" /><testcase classname="tests.test_p0_p3_features.TestHealthAndBasics" name="test_api_root" time="0.214" /></testsuite></testsuites>