<?xml version="1.0" encoding="utf-8"?><testsuites name="pytest tests"><testsuite name="pytest" errors="0" failures="3" skipped="0" tests="15" time="16.869" timestamp="2026-02-15T14:03:18.746347+00:00" hostname="agent-env-54d87fbf-3010-4446-84e3-69630d495fe8"><testcase classname="tests.test_p0_bug_fixes.TestBackendHealth" name="test_backend_starts_no_typescript_errors" time="16.013" /><testcase classname="tests.test_p0_bug_fixes.TestBackendHealth" name="test_webhook_endpoint_responsive" time="0.304"><failure message="AssertionError: Webhook endpoint returned 520&#10;assert 520 == 200&#10; +  where 520 = &lt;Response [520]&gt;.status_code">tests/test_p0_bug_fixes.py:59: in test_webhook_endpoint_responsive
    assert response.status_code == 200, f"Webhook endpoint returned {response.status_code}"
E   AssertionError: Webhook endpoint returned 520
E   assert 520 == 200
E    +  where 520 = &lt;Response [520]&gt;.status_code</failure></testcase><testcase classname="tests.test_p0_bug_fixes.TestTransactionRollbackSafetyFix" name="test_transaction_finished_flag_exists" time="0.001" /><testcase classname="tests.test_p0_bug_fixes.TestTransactionRollbackSafetyFix" name="test_transaction_finished_set_before_commit" time="0.002" /><testcase classname="tests.test_p0_bug_fixes.TestTransactionRollbackSafetyFix" name="test_catch_block_checks_transaction_finished" time="0.001" /><testcase classname="tests.test_p0_bug_fixes.TestTransactionRollbackSafetyFix" name="test_catch_block_structure" time="0.001" /><testcase classname="tests.test_p0_bug_fixes.TestUTXOPrecisionFix" name="test_satoshi_arithmetic_in_multi_output" time="0.001" /><testcase classname="tests.test_p0_bug_fixes.TestUTXOPrecisionFix" name="test_utxo_values_divided_back" time="0.001" /><testcase classname="tests.test_p0_bug_fixes.TestUTXOPrecisionFix" name="test_direct_admin_path_also_fixed" time="0.001" /><testcase classname="tests.test_p0_bug_fixes.TestUTXOPrecisionFix" name="test_to_utxo_values_precision" time="0.001" /><testcase classname="tests.test_p0_bug_fixes.TestPaymentStatusAfterSweep" name="test_settle_before_status_update" time="0.001" /><testcase classname="tests.test_p0_bug_fixes.TestPaymentStatusAfterSweep" name="test_status_update_after_sweep_result" time="0.002"><failure message="AssertionError: Pattern not found: settlementResult&#10;assert None&#10; +  where None = &lt;function search at 0xfaf39f2cd4e0&gt;('settlementResult', 'import express from &quot;express&quot;;\nimport { convertToUSD as convertToUSDUtil } from &quot;../utils/currencyUtils&quot;;\nimport {\n  currencyConvert,\n  decrypt,\n  errorResponseHelper,\n  getErrorMessage,\n  sendEmail,\n  sendPaymentReceivedEmail,\n  sendAdminFeeReceivedEmail,\n  sendAdminFeeSweepEmail,\n  successResponseHelper,\n} from &quot;../helper&quot;;\nimport { handleControllerError } from &quot;../helper/controllerErrorHandler&quot;;\nimport { apiLogger, cronLogger, webhookLogs } from &quot;../utils/loggers&quot;;\nimport {\n  deleteRedisItem,\n  getRedisItem,\n  setRedisItem,\n  softDeleteRedisItem,\n  setRedisTTL,\n} from &quot;../utils/redisInstance&quot;;\nimport { formatAmountForDisplay, getCurrencyInfo } from &quot;../utils/currencyUtils&quot;;\nimport sequelize from &quot;../utils/dbInstance&quot;;\nimport { Op, QueryTypes } from &quot;sequelize&quot;;\nimport jwt from &quot;jsonwebtoken&quot;;\nimport {\n  adminFeeModel,\n  adminFeeTransactionModel,\n  adminWalletModel,\n  companyModel,\n  customerModel,\n  customerTransactionModel,\n  customerWalletModel,\n  userModel,\n  userWalletModel,\n  taxRateModel,\n} from &quot;../models&quot;;\nimport { createNotification, NOTIFICATION_TYPES } from &quot;./notificationController&quot;;\nimport {\n  sendPartialPaymentNotification...mpany_id: parseInt(company_id),\n      company_name: (company as { dataValues: Record&lt;string, unknown&gt; }).dataValues.company_name,\n      total_available: allCryptoTypes.length,\n      total_configured: configuredCurrencies.length,\n      currencies: currencies,\n      configured: configuredCurrencies.map(c =&gt; c.type),\n      unconfigured: unconfiguredCurrencies.map(c =&gt; c.type),\n    });\n  } catch (e) {\n    const errorMessage = getErrorMessage(e);\n    apiLogger.error(errorMessage, {}, new Error(e));\n    errorResponseHelper(res, 500, errorMessage);\n  }\n};\n\nexport default {\n  getData,\n  addPayment,\n  verifyPayment,\n  verifyCryptoPayment,\n  createCryptoPayment,\n  confirmPayment,\n  getBalance,\n  authStep,\n  getCurrencyRates,\n  getPaymentLinks,\n  getPaymentLinkById,\n  updatePaymentLink,\n  deletePaymentLink,\n  createPaymentLink,\n  cryptoVerification,\n  checkingUSDT,\n  sweepNativeAdminFees,\n  checkFeeBalance,\n  checkOnBlockchair,\n  removeUnwantedSubscriptions,\n  processIncompletePayments,\n  getNetworkFees,\n  calculatePaymentAmount,\n  getConfiguredCurrenciesForCheckout,\n  getFeePreview,\n  getCompanyConfiguredCurrencies,\n  calculateCheckoutFees,\n};\n\n')&#10; +    where &lt;function search at 0xfaf39f2cd4e0&gt; = re.search">tests/test_p0_bug_fixes.py:286: in test_status_update_after_sweep_result
    assert re.search(pattern, content), f"Pattern not found: {pattern}"
E   AssertionError: Pattern not found: settlementResult
E   assert None
E    +  where None = &lt;function search at 0xfaf39f2cd4e0&gt;('settlementResult', 'import express from "express";\nimport { convertToUSD as convertToUSDUtil } from "../utils/currencyUtils";\nimport {\n  currencyConvert,\n  decrypt,\n  errorResponseHelper,\n  getErrorMessage,\n  sendEmail,\n  sendPaymentReceivedEmail,\n  sendAdminFeeReceivedEmail,\n  sendAdminFeeSweepEmail,\n  successResponseHelper,\n} from "../helper";\nimport { handleControllerError } from "../helper/controllerErrorHandler";\nimport { apiLogger, cronLogger, webhookLogs } from "../utils/loggers";\nimport {\n  deleteRedisItem,\n  getRedisItem,\n  setRedisItem,\n  softDeleteRedisItem,\n  setRedisTTL,\n} from "../utils/redisInstance";\nimport { formatAmountForDisplay, getCurrencyInfo } from "../utils/currencyUtils";\nimport sequelize from "../utils/dbInstance";\nimport { Op, QueryTypes } from "sequelize";\nimport jwt from "jsonwebtoken";\nimport {\n  adminFeeModel,\n  adminFeeTransactionModel,\n  adminWalletModel,\n  companyModel,\n  customerModel,\n  customerTransactionModel,\n  customerWalletModel,\n  userModel,\n  userWalletModel,\n  taxRateModel,\n} from "../models";\nimport { createNotification, NOTIFICATION_TYPES } from "./notificationController";\nimport {\n  sendPartialPaymentNotification...mpany_id: parseInt(company_id),\n      company_name: (company as { dataValues: Record&lt;string, unknown&gt; }).dataValues.company_name,\n      total_available: allCryptoTypes.length,\n      total_configured: configuredCurrencies.length,\n      currencies: currencies,\n      configured: configuredCurrencies.map(c =&gt; c.type),\n      unconfigured: unconfiguredCurrencies.map(c =&gt; c.type),\n    });\n  } catch (e) {\n    const errorMessage = getErrorMessage(e);\n    apiLogger.error(errorMessage, {}, new Error(e));\n    errorResponseHelper(res, 500, errorMessage);\n  }\n};\n\nexport default {\n  getData,\n  addPayment,\n  verifyPayment,\n  verifyCryptoPayment,\n  createCryptoPayment,\n  confirmPayment,\n  getBalance,\n  authStep,\n  getCurrencyRates,\n  getPaymentLinks,\n  getPaymentLinkById,\n  updatePaymentLink,\n  deletePaymentLink,\n  createPaymentLink,\n  cryptoVerification,\n  checkingUSDT,\n  sweepNativeAdminFees,\n  checkFeeBalance,\n  checkOnBlockchair,\n  removeUnwantedSubscriptions,\n  processIncompletePayments,\n  getNetworkFees,\n  calculatePaymentAmount,\n  getConfiguredCurrenciesForCheckout,\n  getFeePreview,\n  getCompanyConfiguredCurrencies,\n  calculateCheckoutFees,\n};\n\n')
E    +    where &lt;function search at 0xfaf39f2cd4e0&gt; = re.search</failure></testcase><testcase classname="tests.test_p0_bug_fixes.TestCodeQuality" name="test_no_floating_point_in_utxo_amounts" time="0.001" /><testcase classname="tests.test_p0_bug_fixes.TestCodeQuality" name="test_comment_documents_fix" time="0.005" /><testcase classname="tests.test_p0_bug_fixes.TestRegressionPrevention" name="test_transaction_finished_all_paths" time="0.001"><failure message="AssertionError: Expected at least 4 transactionFinished = true, found 3&#10;assert 3 &gt;= 4">tests/test_p0_bug_fixes.py:381: in test_transaction_finished_all_paths
    assert finished_true_count &gt;= expected_min, \
E   AssertionError: Expected at least 4 transactionFinished = true, found 3
E   assert 3 &gt;= 4</failure></testcase></testsuite></testsuites>