<?xml version="1.0" encoding="utf-8"?><testsuites name="pytest tests"><testsuite name="pytest" errors="0" failures="0" skipped="0" tests="10" time="8.480" timestamp="2026-02-06T10:55:22.162033+00:00" hostname="agent-env-fa4154c0-6f30-4e9c-8135-63c55c14a5fe"><testcase classname="backend.tests.test_transaction_display_currency.TestTransactionDisplayCurrency" name="test_01_get_transactions_returns_200" time="2.357" /><testcase classname="backend.tests.test_transaction_display_currency.TestTransactionDisplayCurrency" name="test_02_response_has_currency_field" time="0.668" /><testcase classname="backend.tests.test_transaction_display_currency.TestTransactionDisplayCurrency" name="test_03_response_has_currency_info" time="0.670" /><testcase classname="backend.tests.test_transaction_display_currency.TestTransactionDisplayCurrency" name="test_04_transactions_have_display_currency_field" time="0.670" /><testcase classname="backend.tests.test_transaction_display_currency.TestTransactionDisplayCurrency" name="test_05_transactions_have_display_amount_field" time="0.672" /><testcase classname="backend.tests.test_transaction_display_currency.TestTransactionDisplayCurrency" name="test_06_transactions_have_amount_display_object" time="0.688" /><testcase classname="backend.tests.test_transaction_display_currency.TestTransactionDisplayCurrency" name="test_07_crypto_transactions_have_non_zero_display_amount" time="0.675" /><testcase classname="backend.tests.test_transaction_display_currency.TestTransactionDisplayCurrency" name="test_08_display_amount_conversion_is_reasonable" time="0.668" /><testcase classname="backend.tests.test_transaction_display_currency.TestTransactionDisplayCurrency" name="test_09_response_structure_is_complete" time="0.670" /><testcase classname="backend.tests.test_transaction_display_currency.TestTransactionDisplayCurrency" name="test_10_sample_transaction_full_details" time="0.667" /></testsuite></testsuites>