<?xml version="1.0" encoding="utf-8"?><testsuites name="pytest tests"><testsuite name="pytest" errors="0" failures="16" skipped="1" tests="18" time="4.935" timestamp="2026-02-16T02:30:20.387524+00:00" hostname="agent-env-664f6656-9ff0-4065-81d2-307150199eed"><testcase classname="tests.test_p0_p3_features.TestP1CSRFProtection" name="test_csrf_token_endpoint_returns_token" time="4.705"><failure message="AssertionError: Expected 200, got 503: {&quot;error&quot;: &quot;Backend starting, please retry&quot;}&#10;assert 503 == 200&#10; +  where 503 = &lt;Response [503]&gt;.status_code">tests/test_p0_p3_features.py:28: in test_csrf_token_endpoint_returns_token
    assert response.status_code == 200, f"Expected 200, got {response.status_code}: {response.text}"
E   AssertionError: Expected 200, got 503: {"error": "Backend starting, please retry"}
E   assert 503 == 200
E    +  where 503 = &lt;Response [503]&gt;.status_code</failure></testcase><testcase classname="tests.test_p0_p3_features.TestP1GlobalErrorHandler" name="test_malformed_json_returns_400_not_500" time="0.003"><failure message="AssertionError: Expected 400 for malformed JSON, got 503: {&quot;error&quot;: &quot;Backend starting, please retry&quot;}&#10;assert 503 == 400&#10; +  where 503 = &lt;Response [503]&gt;.status_code">tests/test_p0_p3_features.py:50: in test_malformed_json_returns_400_not_500
    assert response.status_code == 400, f"Expected 400 for malformed JSON, got {response.status_code}: {response.text}"
E   AssertionError: Expected 400 for malformed JSON, got 503: {"error": "Backend starting, please retry"}
E   assert 503 == 400
E    +  where 503 = &lt;Response [503]&gt;.status_code</failure></testcase><testcase classname="tests.test_p0_p3_features.TestP1GlobalErrorHandler" name="test_malformed_json_on_other_endpoints" time="0.002"><failure message="AssertionError: Expected 400 for malformed JSON on /api/user/forgot-password, got 503&#10;assert 503 == 400&#10; +  where 503 = &lt;Response [503]&gt;.status_code">tests/test_p0_p3_features.py:71: in test_malformed_json_on_other_endpoints
    assert response.status_code == 400, f"Expected 400 for malformed JSON on {endpoint}, got {response.status_code}"
E   AssertionError: Expected 400 for malformed JSON on /api/user/forgot-password, got 503
E   assert 503 == 400
E    +  where 503 = &lt;Response [503]&gt;.status_code</failure></testcase><testcase classname="tests.test_p0_p3_features.TestP3InputValidation" name="test_login_empty_body_returns_400" time="0.002"><failure message="AssertionError: Expected 400 for empty login body, got 503: {&quot;error&quot;: &quot;Backend starting, please retry&quot;}&#10;assert 503 == 400&#10; +  where 503 = &lt;Response [503]&gt;.status_code">tests/test_p0_p3_features.py:84: in test_login_empty_body_returns_400
    assert response.status_code == 400, f"Expected 400 for empty login body, got {response.status_code}: {response.text}"
E   AssertionError: Expected 400 for empty login body, got 503: {"error": "Backend starting, please retry"}
E   assert 503 == 400
E    +  where 503 = &lt;Response [503]&gt;.status_code</failure></testcase><testcase classname="tests.test_p0_p3_features.TestP3InputValidation" name="test_login_invalid_email_returns_400" time="0.002"><failure message="AssertionError: Expected 400 for invalid email, got 503: {&quot;error&quot;: &quot;Backend starting, please retry&quot;}&#10;assert 503 == 400&#10; +  where 503 = &lt;Response [503]&gt;.status_code">tests/test_p0_p3_features.py:99: in test_login_invalid_email_returns_400
    assert response.status_code == 400, f"Expected 400 for invalid email, got {response.status_code}: {response.text}"
E   AssertionError: Expected 400 for invalid email, got 503: {"error": "Backend starting, please retry"}
E   assert 503 == 400
E    +  where 503 = &lt;Response [503]&gt;.status_code</failure></testcase><testcase classname="tests.test_p0_p3_features.TestP3InputValidation" name="test_2fa_validate_empty_body_returns_400" time="0.002"><failure message="AssertionError: Expected 400 for empty 2FA validate body, got 503: {&quot;error&quot;: &quot;Backend starting, please retry&quot;}&#10;assert 503 == 400&#10; +  where 503 = &lt;Response [503]&gt;.status_code">tests/test_p0_p3_features.py:114: in test_2fa_validate_empty_body_returns_400
    assert response.status_code == 400, f"Expected 400 for empty 2FA validate body, got {response.status_code}: {response.text}"
E   AssertionError: Expected 400 for empty 2FA validate body, got 503: {"error": "Backend starting, please retry"}
E   assert 503 == 400
E    +  where 503 = &lt;Response [503]&gt;.status_code</failure></testcase><testcase classname="tests.test_p0_p3_features.TestP3InputValidation" name="test_2fa_validate_invalid_user_id_returns_400" time="0.002"><failure message="AssertionError: Expected 400 for invalid user_id, got 503: {&quot;error&quot;: &quot;Backend starting, please retry&quot;}&#10;assert 503 == 400&#10; +  where 503 = &lt;Response [503]&gt;.status_code">tests/test_p0_p3_features.py:129: in test_2fa_validate_invalid_user_id_returns_400
    assert response.status_code == 400, f"Expected 400 for invalid user_id, got {response.status_code}: {response.text}"
E   AssertionError: Expected 400 for invalid user_id, got 503: {"error": "Backend starting, please retry"}
E   assert 503 == 400
E    +  where 503 = &lt;Response [503]&gt;.status_code</failure></testcase><testcase classname="tests.test_p0_p3_features.TestP3InputValidation" name="test_forgot_password_empty_body_returns_400" time="0.002"><failure message="AssertionError: Expected 400 for empty forgot-password body, got 503: {&quot;error&quot;: &quot;Backend starting, please retry&quot;}&#10;assert 503 == 400&#10; +  where 503 = &lt;Response [503]&gt;.status_code">tests/test_p0_p3_features.py:139: in test_forgot_password_empty_body_returns_400
    assert response.status_code == 400, f"Expected 400 for empty forgot-password body, got {response.status_code}: {response.text}"
E   AssertionError: Expected 400 for empty forgot-password body, got 503: {"error": "Backend starting, please retry"}
E   assert 503 == 400
E    +  where 503 = &lt;Response [503]&gt;.status_code</failure></testcase><testcase classname="tests.test_p0_p3_features.TestP3InputValidation" name="test_forgot_password_invalid_email_returns_400" time="0.002"><failure message="AssertionError: Expected 400 for invalid email, got 503: {&quot;error&quot;: &quot;Backend starting, please retry&quot;}&#10;assert 503 == 400&#10; +  where 503 = &lt;Response [503]&gt;.status_code">tests/test_p0_p3_features.py:152: in test_forgot_password_invalid_email_returns_400
    assert response.status_code == 400, f"Expected 400 for invalid email, got {response.status_code}: {response.text}"
E   AssertionError: Expected 400 for invalid email, got 503: {"error": "Backend starting, please retry"}
E   assert 503 == 400
E    +  where 503 = &lt;Response [503]&gt;.status_code</failure></testcase><testcase classname="tests.test_p0_p3_features.TestP3InputValidation" name="test_reset_password_empty_body_returns_400" time="0.002"><failure message="AssertionError: Expected 400 for empty reset-password body, got 503: {&quot;error&quot;: &quot;Backend starting, please retry&quot;}&#10;assert 503 == 400&#10; +  where 503 = &lt;Response [503]&gt;.status_code">tests/test_p0_p3_features.py:162: in test_reset_password_empty_body_returns_400
    assert response.status_code == 400, f"Expected 400 for empty reset-password body, got {response.status_code}: {response.text}"
E   AssertionError: Expected 400 for empty reset-password body, got 503: {"error": "Backend starting, please retry"}
E   assert 503 == 400
E    +  where 503 = &lt;Response [503]&gt;.status_code</failure></testcase><testcase classname="tests.test_p0_p3_features.TestP3InputValidation" name="test_reset_password_missing_token_returns_400" time="0.002"><failure message="AssertionError: Expected 400 for missing fields, got 503: {&quot;error&quot;: &quot;Backend starting, please retry&quot;}&#10;assert 503 == 400&#10; +  where 503 = &lt;Response [503]&gt;.status_code">tests/test_p0_p3_features.py:175: in test_reset_password_missing_token_returns_400
    assert response.status_code == 400, f"Expected 400 for missing fields, got {response.status_code}: {response.text}"
E   AssertionError: Expected 400 for missing fields, got 503: {"error": "Backend starting, please retry"}
E   assert 503 == 400
E    +  where 503 = &lt;Response [503]&gt;.status_code</failure></testcase><testcase classname="tests.test_p0_p3_features.TestP2SwaggerDocs" name="test_swagger_docs_available" time="0.002"><failure message="AssertionError: Expected 200 for Swagger docs, got 503&#10;assert 503 == 200&#10; +  where 503 = &lt;Response [503]&gt;.status_code">tests/test_p0_p3_features.py:185: in test_swagger_docs_available
    assert response.status_code == 200, f"Expected 200 for Swagger docs, got {response.status_code}"
E   AssertionError: Expected 200 for Swagger docs, got 503
E   assert 503 == 200
E    +  where 503 = &lt;Response [503]&gt;.status_code</failure></testcase><testcase classname="tests.test_p0_p3_features.TestP2SwaggerDocs" name="test_swagger_json_available" time="0.005" /><testcase classname="tests.test_p0_p3_features.TestP0_2FAValidate" name="test_2fa_validate_with_invalid_token_returns_401" time="0.001"><failure message="AssertionError: Expected 401/404 for invalid 2FA, got 503: {&quot;error&quot;: &quot;Backend starting, please retry&quot;}&#10;assert 503 in [401, 404]&#10; +  where 503 = &lt;Response [503]&gt;.status_code">tests/test_p0_p3_features.py:235: in test_2fa_validate_with_invalid_token_returns_401
    assert response.status_code in [401, 404], f"Expected 401/404 for invalid 2FA, got {response.status_code}: {response.text}"
E   AssertionError: Expected 401/404 for invalid 2FA, got 503: {"error": "Backend starting, please retry"}
E   assert 503 in [401, 404]
E    +  where 503 = &lt;Response [503]&gt;.status_code</failure></testcase><testcase classname="tests.test_p0_p3_features.TestP0_2FAValidate" name="test_2fa_validate_response_schema_on_success_path" time="0.002"><failure message="assert 503 == 200&#10; +  where 503 = &lt;Response [503]&gt;.status_code">tests/test_p0_p3_features.py:253: in test_2fa_validate_response_schema_on_success_path
    assert swagger_response.status_code == 200
E   assert 503 == 200
E    +  where 503 = &lt;Response [503]&gt;.status_code</failure></testcase><testcase classname="tests.test_p0_p3_features.TestAdminLogin" name="test_admin_login_returns_token" time="0.002"><skipped type="pytest.skip" message="Admin credentials may be different in this environment">/app/backend/tests/test_p0_p3_features.py:286: Admin credentials may be different in this environment</skipped></testcase><testcase classname="tests.test_p0_p3_features.TestHealthAndBasics" name="test_health_endpoint" time="0.002"><failure message="AssertionError: Expected 200, got 503&#10;assert 503 == 200&#10; +  where 503 = &lt;Response [503]&gt;.status_code">tests/test_p0_p3_features.py:294: in test_health_endpoint
    assert response.status_code == 200, f"Expected 200, got {response.status_code}"
E   AssertionError: Expected 200, got 503
E   assert 503 == 200
E    +  where 503 = &lt;Response [503]&gt;.status_code</failure></testcase><testcase classname="tests.test_p0_p3_features.TestHealthAndBasics" name="test_api_root" time="0.002"><failure message="assert 503 == 200&#10; +  where 503 = &lt;Response [503]&gt;.status_code">tests/test_p0_p3_features.py:303: in test_api_root
    assert response.status_code == 200
E   assert 503 == 200
E    +  where 503 = &lt;Response [503]&gt;.status_code</failure></testcase></testsuite></testsuites>