<?xml version="1.0" encoding="utf-8"?><testsuites name="pytest tests"><testsuite name="pytest" errors="4" failures="19" skipped="0" tests="23" time="5.887" timestamp="2026-02-15T15:08:38.862984+00:00" hostname="agent-env-1f136ba5-8ca4-40b4-b811-a674ce3f8432"><testcase classname="tests.test_webhook_queue.TestWebhookQueueSetup" name="test_health_endpoint_returns_healthy" time="0.003"><failure message="requests.exceptions.ConnectionError: HTTPConnectionPool(host='localhost', port=3300): Max retries exceeded with url: /health (Caused by NewConnectionError(&quot;HTTPConnection(host='localhost', port=3300): Failed to establish a new connection: [Errno 111] Connection refused&quot;))">/root/.venv/lib/python3.11/site-packages/urllib3/connection.py:204: in _new_conn
    sock = connection.create_connection(
/root/.venv/lib/python3.11/site-packages/urllib3/util/connection.py:85: in create_connection
    raise err
/root/.venv/lib/python3.11/site-packages/urllib3/util/connection.py:73: in create_connection
    sock.connect(sa)
E   ConnectionRefusedError: [Errno 111] Connection refused

The above exception was the direct cause of the following exception:
/root/.venv/lib/python3.11/site-packages/urllib3/connectionpool.py:787: in urlopen
    response = self._make_request(
/root/.venv/lib/python3.11/site-packages/urllib3/connectionpool.py:493: in _make_request
    conn.request(
/root/.venv/lib/python3.11/site-packages/urllib3/connection.py:500: in request
    self.endheaders()
/usr/local/lib/python3.11/http/client.py:1298: in endheaders
    self._send_output(message_body, encode_chunked=encode_chunked)
/usr/local/lib/python3.11/http/client.py:1058: in _send_output
    self.send(msg)
/usr/local/lib/python3.11/http/client.py:996: in send
    self.connect()
/root/.venv/lib/python3.11/site-packages/urllib3/connection.py:331: in connect
    self.sock = self._new_conn()
                ^^^^^^^^^^^^^^^^
/root/.venv/lib/python3.11/site-packages/urllib3/connection.py:219: in _new_conn
    raise NewConnectionError(
E   urllib3.exceptions.NewConnectionError: HTTPConnection(host='localhost', port=3300): Failed to establish a new connection: [Errno 111] Connection refused

The above exception was the direct cause of the following exception:
/root/.venv/lib/python3.11/site-packages/requests/adapters.py:667: in send
    resp = conn.urlopen(
/root/.venv/lib/python3.11/site-packages/urllib3/connectionpool.py:841: in urlopen
    retries = retries.increment(
/root/.venv/lib/python3.11/site-packages/urllib3/util/retry.py:535: in increment
    raise MaxRetryError(_pool, url, reason) from reason  # type: ignore[arg-type]
    ^^^^^^^^^^^^^^^^^^^^^^^^^^^^^^^^^^^^^^^^^^^^^^^^^^^
E   urllib3.exceptions.MaxRetryError: HTTPConnectionPool(host='localhost', port=3300): Max retries exceeded with url: /health (Caused by NewConnectionError("HTTPConnection(host='localhost', port=3300): Failed to establish a new connection: [Errno 111] Connection refused"))

During handling of the above exception, another exception occurred:
tests/test_webhook_queue.py:50: in test_health_endpoint_returns_healthy
    response = requests.get(f"{BASE_URL}/health")
               ^^^^^^^^^^^^^^^^^^^^^^^^^^^^^^^^^^
/root/.venv/lib/python3.11/site-packages/requests/api.py:73: in get
    return request("get", url, params=params, **kwargs)
           ^^^^^^^^^^^^^^^^^^^^^^^^^^^^^^^^^^^^^^^^^^^^
/root/.venv/lib/python3.11/site-packages/requests/api.py:59: in request
    return session.request(method=method, url=url, **kwargs)
           ^^^^^^^^^^^^^^^^^^^^^^^^^^^^^^^^^^^^^^^^^^^^^^^^^
/root/.venv/lib/python3.11/site-packages/requests/sessions.py:589: in request
    resp = self.send(prep, **send_kwargs)
           ^^^^^^^^^^^^^^^^^^^^^^^^^^^^^^
/root/.venv/lib/python3.11/site-packages/requests/sessions.py:703: in send
    r = adapter.send(request, **kwargs)
        ^^^^^^^^^^^^^^^^^^^^^^^^^^^^^^^
/root/.venv/lib/python3.11/site-packages/requests/adapters.py:700: in send
    raise ConnectionError(e, request=request)
E   requests.exceptions.ConnectionError: HTTPConnectionPool(host='localhost', port=3300): Max retries exceeded with url: /health (Caused by NewConnectionError("HTTPConnection(host='localhost', port=3300): Failed to establish a new connection: [Errno 111] Connection refused"))</failure></testcase><testcase classname="tests.test_webhook_queue.TestWebhookQueueSetup" name="test_api_base_returns_operational" time="0.001"><failure message="requests.exceptions.ConnectionError: HTTPConnectionPool(host='localhost', port=3300): Max retries exceeded with url: /api (Caused by NewConnectionError(&quot;HTTPConnection(host='localhost', port=3300): Failed to establish a new connection: [Errno 111] Connection refused&quot;))">/root/.venv/lib/python3.11/site-packages/urllib3/connection.py:204: in _new_conn
    sock = connection.create_connection(
/root/.venv/lib/python3.11/site-packages/urllib3/util/connection.py:85: in create_connection
    raise err
/root/.venv/lib/python3.11/site-packages/urllib3/util/connection.py:73: in create_connection
    sock.connect(sa)
E   ConnectionRefusedError: [Errno 111] Connection refused

The above exception was the direct cause of the following exception:
/root/.venv/lib/python3.11/site-packages/urllib3/connectionpool.py:787: in urlopen
    response = self._make_request(
/root/.venv/lib/python3.11/site-packages/urllib3/connectionpool.py:493: in _make_request
    conn.request(
/root/.venv/lib/python3.11/site-packages/urllib3/connection.py:500: in request
    self.endheaders()
/usr/local/lib/python3.11/http/client.py:1298: in endheaders
    self._send_output(message_body, encode_chunked=encode_chunked)
/usr/local/lib/python3.11/http/client.py:1058: in _send_output
    self.send(msg)
/usr/local/lib/python3.11/http/client.py:996: in send
    self.connect()
/root/.venv/lib/python3.11/site-packages/urllib3/connection.py:331: in connect
    self.sock = self._new_conn()
                ^^^^^^^^^^^^^^^^
/root/.venv/lib/python3.11/site-packages/urllib3/connection.py:219: in _new_conn
    raise NewConnectionError(
E   urllib3.exceptions.NewConnectionError: HTTPConnection(host='localhost', port=3300): Failed to establish a new connection: [Errno 111] Connection refused

The above exception was the direct cause of the following exception:
/root/.venv/lib/python3.11/site-packages/requests/adapters.py:667: in send
    resp = conn.urlopen(
/root/.venv/lib/python3.11/site-packages/urllib3/connectionpool.py:841: in urlopen
    retries = retries.increment(
/root/.venv/lib/python3.11/site-packages/urllib3/util/retry.py:535: in increment
    raise MaxRetryError(_pool, url, reason) from reason  # type: ignore[arg-type]
    ^^^^^^^^^^^^^^^^^^^^^^^^^^^^^^^^^^^^^^^^^^^^^^^^^^^
E   urllib3.exceptions.MaxRetryError: HTTPConnectionPool(host='localhost', port=3300): Max retries exceeded with url: /api (Caused by NewConnectionError("HTTPConnection(host='localhost', port=3300): Failed to establish a new connection: [Errno 111] Connection refused"))

During handling of the above exception, another exception occurred:
tests/test_webhook_queue.py:60: in test_api_base_returns_operational
    response = requests.get(f"{BASE_URL}/api")
               ^^^^^^^^^^^^^^^^^^^^^^^^^^^^^^^
/root/.venv/lib/python3.11/site-packages/requests/api.py:73: in get
    return request("get", url, params=params, **kwargs)
           ^^^^^^^^^^^^^^^^^^^^^^^^^^^^^^^^^^^^^^^^^^^^
/root/.venv/lib/python3.11/site-packages/requests/api.py:59: in request
    return session.request(method=method, url=url, **kwargs)
           ^^^^^^^^^^^^^^^^^^^^^^^^^^^^^^^^^^^^^^^^^^^^^^^^^
/root/.venv/lib/python3.11/site-packages/requests/sessions.py:589: in request
    resp = self.send(prep, **send_kwargs)
           ^^^^^^^^^^^^^^^^^^^^^^^^^^^^^^
/root/.venv/lib/python3.11/site-packages/requests/sessions.py:703: in send
    r = adapter.send(request, **kwargs)
        ^^^^^^^^^^^^^^^^^^^^^^^^^^^^^^^
/root/.venv/lib/python3.11/site-packages/requests/adapters.py:700: in send
    raise ConnectionError(e, request=request)
E   requests.exceptions.ConnectionError: HTTPConnectionPool(host='localhost', port=3300): Max retries exceeded with url: /api (Caused by NewConnectionError("HTTPConnection(host='localhost', port=3300): Failed to establish a new connection: [Errno 111] Connection refused"))</failure></testcase><testcase classname="tests.test_webhook_queue.TestWebhookEndpoint" name="test_webhook_with_valid_payload_returns_200" time="0.001"><failure message="requests.exceptions.ConnectionError: HTTPConnectionPool(host='localhost', port=3300): Max retries exceeded with url: /api/tatum-crypto-webhook (Caused by NewConnectionError(&quot;HTTPConnection(host='localhost', port=3300): Failed to establish a new connection: [Errno 111] Connection refused&quot;))">/root/.venv/lib/python3.11/site-packages/urllib3/connection.py:204: in _new_conn
    sock = connection.create_connection(
/root/.venv/lib/python3.11/site-packages/urllib3/util/connection.py:85: in create_connection
    raise err
/root/.venv/lib/python3.11/site-packages/urllib3/util/connection.py:73: in create_connection
    sock.connect(sa)
E   ConnectionRefusedError: [Errno 111] Connection refused

The above exception was the direct cause of the following exception:
/root/.venv/lib/python3.11/site-packages/urllib3/connectionpool.py:787: in urlopen
    response = self._make_request(
/root/.venv/lib/python3.11/site-packages/urllib3/connectionpool.py:493: in _make_request
    conn.request(
/root/.venv/lib/python3.11/site-packages/urllib3/connection.py:500: in request
    self.endheaders()
/usr/local/lib/python3.11/http/client.py:1298: in endheaders
    self._send_output(message_body, encode_chunked=encode_chunked)
/usr/local/lib/python3.11/http/client.py:1058: in _send_output
    self.send(msg)
/usr/local/lib/python3.11/http/client.py:996: in send
    self.connect()
/root/.venv/lib/python3.11/site-packages/urllib3/connection.py:331: in connect
    self.sock = self._new_conn()
                ^^^^^^^^^^^^^^^^
/root/.venv/lib/python3.11/site-packages/urllib3/connection.py:219: in _new_conn
    raise NewConnectionError(
E   urllib3.exceptions.NewConnectionError: HTTPConnection(host='localhost', port=3300): Failed to establish a new connection: [Errno 111] Connection refused

The above exception was the direct cause of the following exception:
/root/.venv/lib/python3.11/site-packages/requests/adapters.py:667: in send
    resp = conn.urlopen(
/root/.venv/lib/python3.11/site-packages/urllib3/connectionpool.py:841: in urlopen
    retries = retries.increment(
/root/.venv/lib/python3.11/site-packages/urllib3/util/retry.py:535: in increment
    raise MaxRetryError(_pool, url, reason) from reason  # type: ignore[arg-type]
    ^^^^^^^^^^^^^^^^^^^^^^^^^^^^^^^^^^^^^^^^^^^^^^^^^^^
E   urllib3.exceptions.MaxRetryError: HTTPConnectionPool(host='localhost', port=3300): Max retries exceeded with url: /api/tatum-crypto-webhook (Caused by NewConnectionError("HTTPConnection(host='localhost', port=3300): Failed to establish a new connection: [Errno 111] Connection refused"))

During handling of the above exception, another exception occurred:
tests/test_webhook_queue.py:80: in test_webhook_with_valid_payload_returns_200
    response = requests.post(
/root/.venv/lib/python3.11/site-packages/requests/api.py:115: in post
    return request("post", url, data=data, json=json, **kwargs)
           ^^^^^^^^^^^^^^^^^^^^^^^^^^^^^^^^^^^^^^^^^^^^^^^^^^^^
/root/.venv/lib/python3.11/site-packages/requests/api.py:59: in request
    return session.request(method=method, url=url, **kwargs)
           ^^^^^^^^^^^^^^^^^^^^^^^^^^^^^^^^^^^^^^^^^^^^^^^^^
/root/.venv/lib/python3.11/site-packages/requests/sessions.py:589: in request
    resp = self.send(prep, **send_kwargs)
           ^^^^^^^^^^^^^^^^^^^^^^^^^^^^^^
/root/.venv/lib/python3.11/site-packages/requests/sessions.py:703: in send
    r = adapter.send(request, **kwargs)
        ^^^^^^^^^^^^^^^^^^^^^^^^^^^^^^^
/root/.venv/lib/python3.11/site-packages/requests/adapters.py:700: in send
    raise ConnectionError(e, request=request)
E   requests.exceptions.ConnectionError: HTTPConnectionPool(host='localhost', port=3300): Max retries exceeded with url: /api/tatum-crypto-webhook (Caused by NewConnectionError("HTTPConnection(host='localhost', port=3300): Failed to establish a new connection: [Errno 111] Connection refused"))</failure></testcase><testcase classname="tests.test_webhook_queue.TestWebhookEndpoint" name="test_webhook_with_missing_txid_returns_200" time="0.001"><failure message="requests.exceptions.ConnectionError: HTTPConnectionPool(host='localhost', port=3300): Max retries exceeded with url: /api/tatum-crypto-webhook (Caused by NewConnectionError(&quot;HTTPConnection(host='localhost', port=3300): Failed to establish a new connection: [Errno 111] Connection refused&quot;))">/root/.venv/lib/python3.11/site-packages/urllib3/connection.py:204: in _new_conn
    sock = connection.create_connection(
/root/.venv/lib/python3.11/site-packages/urllib3/util/connection.py:85: in create_connection
    raise err
/root/.venv/lib/python3.11/site-packages/urllib3/util/connection.py:73: in create_connection
    sock.connect(sa)
E   ConnectionRefusedError: [Errno 111] Connection refused

The above exception was the direct cause of the following exception:
/root/.venv/lib/python3.11/site-packages/urllib3/connectionpool.py:787: in urlopen
    response = self._make_request(
/root/.venv/lib/python3.11/site-packages/urllib3/connectionpool.py:493: in _make_request
    conn.request(
/root/.venv/lib/python3.11/site-packages/urllib3/connection.py:500: in request
    self.endheaders()
/usr/local/lib/python3.11/http/client.py:1298: in endheaders
    self._send_output(message_body, encode_chunked=encode_chunked)
/usr/local/lib/python3.11/http/client.py:1058: in _send_output
    self.send(msg)
/usr/local/lib/python3.11/http/client.py:996: in send
    self.connect()
/root/.venv/lib/python3.11/site-packages/urllib3/connection.py:331: in connect
    self.sock = self._new_conn()
                ^^^^^^^^^^^^^^^^
/root/.venv/lib/python3.11/site-packages/urllib3/connection.py:219: in _new_conn
    raise NewConnectionError(
E   urllib3.exceptions.NewConnectionError: HTTPConnection(host='localhost', port=3300): Failed to establish a new connection: [Errno 111] Connection refused

The above exception was the direct cause of the following exception:
/root/.venv/lib/python3.11/site-packages/requests/adapters.py:667: in send
    resp = conn.urlopen(
/root/.venv/lib/python3.11/site-packages/urllib3/connectionpool.py:841: in urlopen
    retries = retries.increment(
/root/.venv/lib/python3.11/site-packages/urllib3/util/retry.py:535: in increment
    raise MaxRetryError(_pool, url, reason) from reason  # type: ignore[arg-type]
    ^^^^^^^^^^^^^^^^^^^^^^^^^^^^^^^^^^^^^^^^^^^^^^^^^^^
E   urllib3.exceptions.MaxRetryError: HTTPConnectionPool(host='localhost', port=3300): Max retries exceeded with url: /api/tatum-crypto-webhook (Caused by NewConnectionError("HTTPConnection(host='localhost', port=3300): Failed to establish a new connection: [Errno 111] Connection refused"))

During handling of the above exception, another exception occurred:
tests/test_webhook_queue.py:95: in test_webhook_with_missing_txid_returns_200
    response = requests.post(
/root/.venv/lib/python3.11/site-packages/requests/api.py:115: in post
    return request("post", url, data=data, json=json, **kwargs)
           ^^^^^^^^^^^^^^^^^^^^^^^^^^^^^^^^^^^^^^^^^^^^^^^^^^^^
/root/.venv/lib/python3.11/site-packages/requests/api.py:59: in request
    return session.request(method=method, url=url, **kwargs)
           ^^^^^^^^^^^^^^^^^^^^^^^^^^^^^^^^^^^^^^^^^^^^^^^^^
/root/.venv/lib/python3.11/site-packages/requests/sessions.py:589: in request
    resp = self.send(prep, **send_kwargs)
           ^^^^^^^^^^^^^^^^^^^^^^^^^^^^^^
/root/.venv/lib/python3.11/site-packages/requests/sessions.py:703: in send
    r = adapter.send(request, **kwargs)
        ^^^^^^^^^^^^^^^^^^^^^^^^^^^^^^^
/root/.venv/lib/python3.11/site-packages/requests/adapters.py:700: in send
    raise ConnectionError(e, request=request)
E   requests.exceptions.ConnectionError: HTTPConnectionPool(host='localhost', port=3300): Max retries exceeded with url: /api/tatum-crypto-webhook (Caused by NewConnectionError("HTTPConnection(host='localhost', port=3300): Failed to establish a new connection: [Errno 111] Connection refused"))</failure></testcase><testcase classname="tests.test_webhook_queue.TestWebhookEndpoint" name="test_webhook_duplicate_txid_returns_200" time="0.001"><failure message="requests.exceptions.ConnectionError: HTTPConnectionPool(host='localhost', port=3300): Max retries exceeded with url: /api/tatum-crypto-webhook (Caused by NewConnectionError(&quot;HTTPConnection(host='localhost', port=3300): Failed to establish a new connection: [Errno 111] Connection refused&quot;))">/root/.venv/lib/python3.11/site-packages/urllib3/connection.py:204: in _new_conn
    sock = connection.create_connection(
/root/.venv/lib/python3.11/site-packages/urllib3/util/connection.py:85: in create_connection
    raise err
/root/.venv/lib/python3.11/site-packages/urllib3/util/connection.py:73: in create_connection
    sock.connect(sa)
E   ConnectionRefusedError: [Errno 111] Connection refused

The above exception was the direct cause of the following exception:
/root/.venv/lib/python3.11/site-packages/urllib3/connectionpool.py:787: in urlopen
    response = self._make_request(
/root/.venv/lib/python3.11/site-packages/urllib3/connectionpool.py:493: in _make_request
    conn.request(
/root/.venv/lib/python3.11/site-packages/urllib3/connection.py:500: in request
    self.endheaders()
/usr/local/lib/python3.11/http/client.py:1298: in endheaders
    self._send_output(message_body, encode_chunked=encode_chunked)
/usr/local/lib/python3.11/http/client.py:1058: in _send_output
    self.send(msg)
/usr/local/lib/python3.11/http/client.py:996: in send
    self.connect()
/root/.venv/lib/python3.11/site-packages/urllib3/connection.py:331: in connect
    self.sock = self._new_conn()
                ^^^^^^^^^^^^^^^^
/root/.venv/lib/python3.11/site-packages/urllib3/connection.py:219: in _new_conn
    raise NewConnectionError(
E   urllib3.exceptions.NewConnectionError: HTTPConnection(host='localhost', port=3300): Failed to establish a new connection: [Errno 111] Connection refused

The above exception was the direct cause of the following exception:
/root/.venv/lib/python3.11/site-packages/requests/adapters.py:667: in send
    resp = conn.urlopen(
/root/.venv/lib/python3.11/site-packages/urllib3/connectionpool.py:841: in urlopen
    retries = retries.increment(
/root/.venv/lib/python3.11/site-packages/urllib3/util/retry.py:535: in increment
    raise MaxRetryError(_pool, url, reason) from reason  # type: ignore[arg-type]
    ^^^^^^^^^^^^^^^^^^^^^^^^^^^^^^^^^^^^^^^^^^^^^^^^^^^
E   urllib3.exceptions.MaxRetryError: HTTPConnectionPool(host='localhost', port=3300): Max retries exceeded with url: /api/tatum-crypto-webhook (Caused by NewConnectionError("HTTPConnection(host='localhost', port=3300): Failed to establish a new connection: [Errno 111] Connection refused"))

During handling of the above exception, another exception occurred:
tests/test_webhook_queue.py:112: in test_webhook_duplicate_txid_returns_200
    response1 = requests.post(
/root/.venv/lib/python3.11/site-packages/requests/api.py:115: in post
    return request("post", url, data=data, json=json, **kwargs)
           ^^^^^^^^^^^^^^^^^^^^^^^^^^^^^^^^^^^^^^^^^^^^^^^^^^^^
/root/.venv/lib/python3.11/site-packages/requests/api.py:59: in request
    return session.request(method=method, url=url, **kwargs)
           ^^^^^^^^^^^^^^^^^^^^^^^^^^^^^^^^^^^^^^^^^^^^^^^^^
/root/.venv/lib/python3.11/site-packages/requests/sessions.py:589: in request
    resp = self.send(prep, **send_kwargs)
           ^^^^^^^^^^^^^^^^^^^^^^^^^^^^^^
/root/.venv/lib/python3.11/site-packages/requests/sessions.py:703: in send
    r = adapter.send(request, **kwargs)
        ^^^^^^^^^^^^^^^^^^^^^^^^^^^^^^^
/root/.venv/lib/python3.11/site-packages/requests/adapters.py:700: in send
    raise ConnectionError(e, request=request)
E   requests.exceptions.ConnectionError: HTTPConnectionPool(host='localhost', port=3300): Max retries exceeded with url: /api/tatum-crypto-webhook (Caused by NewConnectionError("HTTPConnection(host='localhost', port=3300): Failed to establish a new connection: [Errno 111] Connection refused"))</failure></testcase><testcase classname="tests.test_webhook_queue.TestWebhookEndpoint" name="test_webhook_with_query_params_returns_200" time="0.061"><failure message="requests.exceptions.ConnectionError: HTTPConnectionPool(host='localhost', port=3300): Max retries exceeded with url: /api/tatum-crypto-webhook?company_id=1&amp;user_id=28 (Caused by NewConnectionError(&quot;HTTPConnection(host='localhost', port=3300): Failed to establish a new connection: [Errno 111] Connection refused&quot;))">/root/.venv/lib/python3.11/site-packages/urllib3/connection.py:204: in _new_conn
    sock = connection.create_connection(
/root/.venv/lib/python3.11/site-packages/urllib3/util/connection.py:85: in create_connection
    raise err
/root/.venv/lib/python3.11/site-packages/urllib3/util/connection.py:73: in create_connection
    sock.connect(sa)
E   ConnectionRefusedError: [Errno 111] Connection refused

The above exception was the direct cause of the following exception:
/root/.venv/lib/python3.11/site-packages/urllib3/connectionpool.py:787: in urlopen
    response = self._make_request(
/root/.venv/lib/python3.11/site-packages/urllib3/connectionpool.py:493: in _make_request
    conn.request(
/root/.venv/lib/python3.11/site-packages/urllib3/connection.py:500: in request
    self.endheaders()
/usr/local/lib/python3.11/http/client.py:1298: in endheaders
    self._send_output(message_body, encode_chunked=encode_chunked)
/usr/local/lib/python3.11/http/client.py:1058: in _send_output
    self.send(msg)
/usr/local/lib/python3.11/http/client.py:996: in send
    self.connect()
/root/.venv/lib/python3.11/site-packages/urllib3/connection.py:331: in connect
    self.sock = self._new_conn()
                ^^^^^^^^^^^^^^^^
/root/.venv/lib/python3.11/site-packages/urllib3/connection.py:219: in _new_conn
    raise NewConnectionError(
E   urllib3.exceptions.NewConnectionError: HTTPConnection(host='localhost', port=3300): Failed to establish a new connection: [Errno 111] Connection refused

The above exception was the direct cause of the following exception:
/root/.venv/lib/python3.11/site-packages/requests/adapters.py:667: in send
    resp = conn.urlopen(
/root/.venv/lib/python3.11/site-packages/urllib3/connectionpool.py:841: in urlopen
    retries = retries.increment(
/root/.venv/lib/python3.11/site-packages/urllib3/util/retry.py:535: in increment
    raise MaxRetryError(_pool, url, reason) from reason  # type: ignore[arg-type]
    ^^^^^^^^^^^^^^^^^^^^^^^^^^^^^^^^^^^^^^^^^^^^^^^^^^^
E   urllib3.exceptions.MaxRetryError: HTTPConnectionPool(host='localhost', port=3300): Max retries exceeded with url: /api/tatum-crypto-webhook?company_id=1&amp;user_id=28 (Caused by NewConnectionError("HTTPConnection(host='localhost', port=3300): Failed to establish a new connection: [Errno 111] Connection refused"))

During handling of the above exception, another exception occurred:
tests/test_webhook_queue.py:135: in test_webhook_with_query_params_returns_200
    response = requests.post(
/root/.venv/lib/python3.11/site-packages/requests/api.py:115: in post
    return request("post", url, data=data, json=json, **kwargs)
           ^^^^^^^^^^^^^^^^^^^^^^^^^^^^^^^^^^^^^^^^^^^^^^^^^^^^
/root/.venv/lib/python3.11/site-packages/requests/api.py:59: in request
    return session.request(method=method, url=url, **kwargs)
           ^^^^^^^^^^^^^^^^^^^^^^^^^^^^^^^^^^^^^^^^^^^^^^^^^
/root/.venv/lib/python3.11/site-packages/requests/sessions.py:589: in request
    resp = self.send(prep, **send_kwargs)
           ^^^^^^^^^^^^^^^^^^^^^^^^^^^^^^
/root/.venv/lib/python3.11/site-packages/requests/sessions.py:703: in send
    r = adapter.send(request, **kwargs)
        ^^^^^^^^^^^^^^^^^^^^^^^^^^^^^^^
/root/.venv/lib/python3.11/site-packages/requests/adapters.py:700: in send
    raise ConnectionError(e, request=request)
E   requests.exceptions.ConnectionError: HTTPConnectionPool(host='localhost', port=3300): Max retries exceeded with url: /api/tatum-crypto-webhook?company_id=1&amp;user_id=28 (Caused by NewConnectionError("HTTPConnection(host='localhost', port=3300): Failed to establish a new connection: [Errno 111] Connection refused"))</failure></testcase><testcase classname="tests.test_webhook_queue.TestWebhookEndpoint" name="test_webhook_empty_body_returns_200" time="0.001"><failure message="requests.exceptions.ConnectionError: HTTPConnectionPool(host='localhost', port=3300): Max retries exceeded with url: /api/tatum-crypto-webhook (Caused by NewConnectionError(&quot;HTTPConnection(host='localhost', port=3300): Failed to establish a new connection: [Errno 111] Connection refused&quot;))">/root/.venv/lib/python3.11/site-packages/urllib3/connection.py:204: in _new_conn
    sock = connection.create_connection(
/root/.venv/lib/python3.11/site-packages/urllib3/util/connection.py:85: in create_connection
    raise err
/root/.venv/lib/python3.11/site-packages/urllib3/util/connection.py:73: in create_connection
    sock.connect(sa)
E   ConnectionRefusedError: [Errno 111] Connection refused

The above exception was the direct cause of the following exception:
/root/.venv/lib/python3.11/site-packages/urllib3/connectionpool.py:787: in urlopen
    response = self._make_request(
/root/.venv/lib/python3.11/site-packages/urllib3/connectionpool.py:493: in _make_request
    conn.request(
/root/.venv/lib/python3.11/site-packages/urllib3/connection.py:500: in request
    self.endheaders()
/usr/local/lib/python3.11/http/client.py:1298: in endheaders
    self._send_output(message_body, encode_chunked=encode_chunked)
/usr/local/lib/python3.11/http/client.py:1058: in _send_output
    self.send(msg)
/usr/local/lib/python3.11/http/client.py:996: in send
    self.connect()
/root/.venv/lib/python3.11/site-packages/urllib3/connection.py:331: in connect
    self.sock = self._new_conn()
                ^^^^^^^^^^^^^^^^
/root/.venv/lib/python3.11/site-packages/urllib3/connection.py:219: in _new_conn
    raise NewConnectionError(
E   urllib3.exceptions.NewConnectionError: HTTPConnection(host='localhost', port=3300): Failed to establish a new connection: [Errno 111] Connection refused

The above exception was the direct cause of the following exception:
/root/.venv/lib/python3.11/site-packages/requests/adapters.py:667: in send
    resp = conn.urlopen(
/root/.venv/lib/python3.11/site-packages/urllib3/connectionpool.py:841: in urlopen
    retries = retries.increment(
/root/.venv/lib/python3.11/site-packages/urllib3/util/retry.py:535: in increment
    raise MaxRetryError(_pool, url, reason) from reason  # type: ignore[arg-type]
    ^^^^^^^^^^^^^^^^^^^^^^^^^^^^^^^^^^^^^^^^^^^^^^^^^^^
E   urllib3.exceptions.MaxRetryError: HTTPConnectionPool(host='localhost', port=3300): Max retries exceeded with url: /api/tatum-crypto-webhook (Caused by NewConnectionError("HTTPConnection(host='localhost', port=3300): Failed to establish a new connection: [Errno 111] Connection refused"))

During handling of the above exception, another exception occurred:
tests/test_webhook_queue.py:144: in test_webhook_empty_body_returns_200
    response = requests.post(
/root/.venv/lib/python3.11/site-packages/requests/api.py:115: in post
    return request("post", url, data=data, json=json, **kwargs)
           ^^^^^^^^^^^^^^^^^^^^^^^^^^^^^^^^^^^^^^^^^^^^^^^^^^^^
/root/.venv/lib/python3.11/site-packages/requests/api.py:59: in request
    return session.request(method=method, url=url, **kwargs)
           ^^^^^^^^^^^^^^^^^^^^^^^^^^^^^^^^^^^^^^^^^^^^^^^^^
/root/.venv/lib/python3.11/site-packages/requests/sessions.py:589: in request
    resp = self.send(prep, **send_kwargs)
           ^^^^^^^^^^^^^^^^^^^^^^^^^^^^^^
/root/.venv/lib/python3.11/site-packages/requests/sessions.py:703: in send
    r = adapter.send(request, **kwargs)
        ^^^^^^^^^^^^^^^^^^^^^^^^^^^^^^^
/root/.venv/lib/python3.11/site-packages/requests/adapters.py:700: in send
    raise ConnectionError(e, request=request)
E   requests.exceptions.ConnectionError: HTTPConnectionPool(host='localhost', port=3300): Max retries exceeded with url: /api/tatum-crypto-webhook (Caused by NewConnectionError("HTTPConnection(host='localhost', port=3300): Failed to establish a new connection: [Errno 111] Connection refused"))</failure></testcase><testcase classname="tests.test_webhook_queue.TestAdminEndpointsWithRegularUser" name="test_queue_health_rejects_non_admin" time="0.001"><error message="failed on setup with &quot;requests.exceptions.ConnectionError: HTTPConnectionPool(host='localhost', port=3300): Max retries exceeded with url: /api/user/login (Caused by NewConnectionError(&quot;HTTPConnection(host='localhost', port=3300): Failed to establish a new connection: [Errno 111] Connection refused&quot;))&quot;">/root/.venv/lib/python3.11/site-packages/urllib3/connection.py:204: in _new_conn
    sock = connection.create_connection(
/root/.venv/lib/python3.11/site-packages/urllib3/util/connection.py:85: in create_connection
    raise err
/root/.venv/lib/python3.11/site-packages/urllib3/util/connection.py:73: in create_connection
    sock.connect(sa)
E   ConnectionRefusedError: [Errno 111] Connection refused

The above exception was the direct cause of the following exception:
/root/.venv/lib/python3.11/site-packages/urllib3/connectionpool.py:787: in urlopen
    response = self._make_request(
/root/.venv/lib/python3.11/site-packages/urllib3/connectionpool.py:493: in _make_request
    conn.request(
/root/.venv/lib/python3.11/site-packages/urllib3/connection.py:500: in request
    self.endheaders()
/usr/local/lib/python3.11/http/client.py:1298: in endheaders
    self._send_output(message_body, encode_chunked=encode_chunked)
/usr/local/lib/python3.11/http/client.py:1058: in _send_output
    self.send(msg)
/usr/local/lib/python3.11/http/client.py:996: in send
    self.connect()
/root/.venv/lib/python3.11/site-packages/urllib3/connection.py:331: in connect
    self.sock = self._new_conn()
                ^^^^^^^^^^^^^^^^
/root/.venv/lib/python3.11/site-packages/urllib3/connection.py:219: in _new_conn
    raise NewConnectionError(
E   urllib3.exceptions.NewConnectionError: HTTPConnection(host='localhost', port=3300): Failed to establish a new connection: [Errno 111] Connection refused

The above exception was the direct cause of the following exception:
/root/.venv/lib/python3.11/site-packages/requests/adapters.py:667: in send
    resp = conn.urlopen(
/root/.venv/lib/python3.11/site-packages/urllib3/connectionpool.py:841: in urlopen
    retries = retries.increment(
/root/.venv/lib/python3.11/site-packages/urllib3/util/retry.py:535: in increment
    raise MaxRetryError(_pool, url, reason) from reason  # type: ignore[arg-type]
    ^^^^^^^^^^^^^^^^^^^^^^^^^^^^^^^^^^^^^^^^^^^^^^^^^^^
E   urllib3.exceptions.MaxRetryError: HTTPConnectionPool(host='localhost', port=3300): Max retries exceeded with url: /api/user/login (Caused by NewConnectionError("HTTPConnection(host='localhost', port=3300): Failed to establish a new connection: [Errno 111] Connection refused"))

During handling of the above exception, another exception occurred:
tests/test_webhook_queue.py:159: in user_token
    response = requests.post(
/root/.venv/lib/python3.11/site-packages/requests/api.py:115: in post
    return request("post", url, data=data, json=json, **kwargs)
           ^^^^^^^^^^^^^^^^^^^^^^^^^^^^^^^^^^^^^^^^^^^^^^^^^^^^
/root/.venv/lib/python3.11/site-packages/requests/api.py:59: in request
    return session.request(method=method, url=url, **kwargs)
           ^^^^^^^^^^^^^^^^^^^^^^^^^^^^^^^^^^^^^^^^^^^^^^^^^
/root/.venv/lib/python3.11/site-packages/requests/sessions.py:589: in request
    resp = self.send(prep, **send_kwargs)
           ^^^^^^^^^^^^^^^^^^^^^^^^^^^^^^
/root/.venv/lib/python3.11/site-packages/requests/sessions.py:703: in send
    r = adapter.send(request, **kwargs)
        ^^^^^^^^^^^^^^^^^^^^^^^^^^^^^^^
/root/.venv/lib/python3.11/site-packages/requests/adapters.py:700: in send
    raise ConnectionError(e, request=request)
E   requests.exceptions.ConnectionError: HTTPConnectionPool(host='localhost', port=3300): Max retries exceeded with url: /api/user/login (Caused by NewConnectionError("HTTPConnection(host='localhost', port=3300): Failed to establish a new connection: [Errno 111] Connection refused"))</error></testcase><testcase classname="tests.test_webhook_queue.TestAdminEndpointsWithRegularUser" name="test_dlq_listing_rejects_non_admin" time="0.000"><error message="failed on setup with &quot;requests.exceptions.ConnectionError: HTTPConnectionPool(host='localhost', port=3300): Max retries exceeded with url: /api/user/login (Caused by NewConnectionError(&quot;HTTPConnection(host='localhost', port=3300): Failed to establish a new connection: [Errno 111] Connection refused&quot;))&quot;">/root/.venv/lib/python3.11/site-packages/urllib3/connection.py:204: in _new_conn
    sock = connection.create_connection(
/root/.venv/lib/python3.11/site-packages/urllib3/util/connection.py:85: in create_connection
    raise err
/root/.venv/lib/python3.11/site-packages/urllib3/util/connection.py:73: in create_connection
    sock.connect(sa)
E   ConnectionRefusedError: [Errno 111] Connection refused

The above exception was the direct cause of the following exception:
/root/.venv/lib/python3.11/site-packages/urllib3/connectionpool.py:787: in urlopen
    response = self._make_request(
/root/.venv/lib/python3.11/site-packages/urllib3/connectionpool.py:493: in _make_request
    conn.request(
/root/.venv/lib/python3.11/site-packages/urllib3/connection.py:500: in request
    self.endheaders()
/usr/local/lib/python3.11/http/client.py:1298: in endheaders
    self._send_output(message_body, encode_chunked=encode_chunked)
/usr/local/lib/python3.11/http/client.py:1058: in _send_output
    self.send(msg)
/usr/local/lib/python3.11/http/client.py:996: in send
    self.connect()
/root/.venv/lib/python3.11/site-packages/urllib3/connection.py:331: in connect
    self.sock = self._new_conn()
                ^^^^^^^^^^^^^^^^
/root/.venv/lib/python3.11/site-packages/urllib3/connection.py:219: in _new_conn
    raise NewConnectionError(
E   urllib3.exceptions.NewConnectionError: HTTPConnection(host='localhost', port=3300): Failed to establish a new connection: [Errno 111] Connection refused

The above exception was the direct cause of the following exception:
/root/.venv/lib/python3.11/site-packages/requests/adapters.py:667: in send
    resp = conn.urlopen(
/root/.venv/lib/python3.11/site-packages/urllib3/connectionpool.py:841: in urlopen
    retries = retries.increment(
/root/.venv/lib/python3.11/site-packages/urllib3/util/retry.py:535: in increment
    raise MaxRetryError(_pool, url, reason) from reason  # type: ignore[arg-type]
    ^^^^^^^^^^^^^^^^^^^^^^^^^^^^^^^^^^^^^^^^^^^^^^^^^^^
E   urllib3.exceptions.MaxRetryError: HTTPConnectionPool(host='localhost', port=3300): Max retries exceeded with url: /api/user/login (Caused by NewConnectionError("HTTPConnection(host='localhost', port=3300): Failed to establish a new connection: [Errno 111] Connection refused"))

During handling of the above exception, another exception occurred:
tests/test_webhook_queue.py:159: in user_token
    response = requests.post(
/root/.venv/lib/python3.11/site-packages/requests/api.py:115: in post
    return request("post", url, data=data, json=json, **kwargs)
           ^^^^^^^^^^^^^^^^^^^^^^^^^^^^^^^^^^^^^^^^^^^^^^^^^^^^
/root/.venv/lib/python3.11/site-packages/requests/api.py:59: in request
    return session.request(method=method, url=url, **kwargs)
           ^^^^^^^^^^^^^^^^^^^^^^^^^^^^^^^^^^^^^^^^^^^^^^^^^
/root/.venv/lib/python3.11/site-packages/requests/sessions.py:589: in request
    resp = self.send(prep, **send_kwargs)
           ^^^^^^^^^^^^^^^^^^^^^^^^^^^^^^
/root/.venv/lib/python3.11/site-packages/requests/sessions.py:703: in send
    r = adapter.send(request, **kwargs)
        ^^^^^^^^^^^^^^^^^^^^^^^^^^^^^^^
/root/.venv/lib/python3.11/site-packages/requests/adapters.py:700: in send
    raise ConnectionError(e, request=request)
E   requests.exceptions.ConnectionError: HTTPConnectionPool(host='localhost', port=3300): Max retries exceeded with url: /api/user/login (Caused by NewConnectionError("HTTPConnection(host='localhost', port=3300): Failed to establish a new connection: [Errno 111] Connection refused"))</error></testcase><testcase classname="tests.test_webhook_queue.TestAdminEndpointsWithRegularUser" name="test_dlq_retry_rejects_non_admin" time="0.000"><error message="failed on setup with &quot;requests.exceptions.ConnectionError: HTTPConnectionPool(host='localhost', port=3300): Max retries exceeded with url: /api/user/login (Caused by NewConnectionError(&quot;HTTPConnection(host='localhost', port=3300): Failed to establish a new connection: [Errno 111] Connection refused&quot;))&quot;">/root/.venv/lib/python3.11/site-packages/urllib3/connection.py:204: in _new_conn
    sock = connection.create_connection(
/root/.venv/lib/python3.11/site-packages/urllib3/util/connection.py:85: in create_connection
    raise err
/root/.venv/lib/python3.11/site-packages/urllib3/util/connection.py:73: in create_connection
    sock.connect(sa)
E   ConnectionRefusedError: [Errno 111] Connection refused

The above exception was the direct cause of the following exception:
/root/.venv/lib/python3.11/site-packages/urllib3/connectionpool.py:787: in urlopen
    response = self._make_request(
/root/.venv/lib/python3.11/site-packages/urllib3/connectionpool.py:493: in _make_request
    conn.request(
/root/.venv/lib/python3.11/site-packages/urllib3/connection.py:500: in request
    self.endheaders()
/usr/local/lib/python3.11/http/client.py:1298: in endheaders
    self._send_output(message_body, encode_chunked=encode_chunked)
/usr/local/lib/python3.11/http/client.py:1058: in _send_output
    self.send(msg)
/usr/local/lib/python3.11/http/client.py:996: in send
    self.connect()
/root/.venv/lib/python3.11/site-packages/urllib3/connection.py:331: in connect
    self.sock = self._new_conn()
                ^^^^^^^^^^^^^^^^
/root/.venv/lib/python3.11/site-packages/urllib3/connection.py:219: in _new_conn
    raise NewConnectionError(
E   urllib3.exceptions.NewConnectionError: HTTPConnection(host='localhost', port=3300): Failed to establish a new connection: [Errno 111] Connection refused

The above exception was the direct cause of the following exception:
/root/.venv/lib/python3.11/site-packages/requests/adapters.py:667: in send
    resp = conn.urlopen(
/root/.venv/lib/python3.11/site-packages/urllib3/connectionpool.py:841: in urlopen
    retries = retries.increment(
/root/.venv/lib/python3.11/site-packages/urllib3/util/retry.py:535: in increment
    raise MaxRetryError(_pool, url, reason) from reason  # type: ignore[arg-type]
    ^^^^^^^^^^^^^^^^^^^^^^^^^^^^^^^^^^^^^^^^^^^^^^^^^^^
E   urllib3.exceptions.MaxRetryError: HTTPConnectionPool(host='localhost', port=3300): Max retries exceeded with url: /api/user/login (Caused by NewConnectionError("HTTPConnection(host='localhost', port=3300): Failed to establish a new connection: [Errno 111] Connection refused"))

During handling of the above exception, another exception occurred:
tests/test_webhook_queue.py:159: in user_token
    response = requests.post(
/root/.venv/lib/python3.11/site-packages/requests/api.py:115: in post
    return request("post", url, data=data, json=json, **kwargs)
           ^^^^^^^^^^^^^^^^^^^^^^^^^^^^^^^^^^^^^^^^^^^^^^^^^^^^
/root/.venv/lib/python3.11/site-packages/requests/api.py:59: in request
    return session.request(method=method, url=url, **kwargs)
           ^^^^^^^^^^^^^^^^^^^^^^^^^^^^^^^^^^^^^^^^^^^^^^^^^
/root/.venv/lib/python3.11/site-packages/requests/sessions.py:589: in request
    resp = self.send(prep, **send_kwargs)
           ^^^^^^^^^^^^^^^^^^^^^^^^^^^^^^
/root/.venv/lib/python3.11/site-packages/requests/sessions.py:703: in send
    r = adapter.send(request, **kwargs)
        ^^^^^^^^^^^^^^^^^^^^^^^^^^^^^^^
/root/.venv/lib/python3.11/site-packages/requests/adapters.py:700: in send
    raise ConnectionError(e, request=request)
E   requests.exceptions.ConnectionError: HTTPConnectionPool(host='localhost', port=3300): Max retries exceeded with url: /api/user/login (Caused by NewConnectionError("HTTPConnection(host='localhost', port=3300): Failed to establish a new connection: [Errno 111] Connection refused"))</error></testcase><testcase classname="tests.test_webhook_queue.TestAdminEndpointsWithRegularUser" name="test_manual_reconcile_rejects_non_admin" time="0.000"><error message="failed on setup with &quot;requests.exceptions.ConnectionError: HTTPConnectionPool(host='localhost', port=3300): Max retries exceeded with url: /api/user/login (Caused by NewConnectionError(&quot;HTTPConnection(host='localhost', port=3300): Failed to establish a new connection: [Errno 111] Connection refused&quot;))&quot;">/root/.venv/lib/python3.11/site-packages/urllib3/connection.py:204: in _new_conn
    sock = connection.create_connection(
/root/.venv/lib/python3.11/site-packages/urllib3/util/connection.py:85: in create_connection
    raise err
/root/.venv/lib/python3.11/site-packages/urllib3/util/connection.py:73: in create_connection
    sock.connect(sa)
E   ConnectionRefusedError: [Errno 111] Connection refused

The above exception was the direct cause of the following exception:
/root/.venv/lib/python3.11/site-packages/urllib3/connectionpool.py:787: in urlopen
    response = self._make_request(
/root/.venv/lib/python3.11/site-packages/urllib3/connectionpool.py:493: in _make_request
    conn.request(
/root/.venv/lib/python3.11/site-packages/urllib3/connection.py:500: in request
    self.endheaders()
/usr/local/lib/python3.11/http/client.py:1298: in endheaders
    self._send_output(message_body, encode_chunked=encode_chunked)
/usr/local/lib/python3.11/http/client.py:1058: in _send_output
    self.send(msg)
/usr/local/lib/python3.11/http/client.py:996: in send
    self.connect()
/root/.venv/lib/python3.11/site-packages/urllib3/connection.py:331: in connect
    self.sock = self._new_conn()
                ^^^^^^^^^^^^^^^^
/root/.venv/lib/python3.11/site-packages/urllib3/connection.py:219: in _new_conn
    raise NewConnectionError(
E   urllib3.exceptions.NewConnectionError: HTTPConnection(host='localhost', port=3300): Failed to establish a new connection: [Errno 111] Connection refused

The above exception was the direct cause of the following exception:
/root/.venv/lib/python3.11/site-packages/requests/adapters.py:667: in send
    resp = conn.urlopen(
/root/.venv/lib/python3.11/site-packages/urllib3/connectionpool.py:841: in urlopen
    retries = retries.increment(
/root/.venv/lib/python3.11/site-packages/urllib3/util/retry.py:535: in increment
    raise MaxRetryError(_pool, url, reason) from reason  # type: ignore[arg-type]
    ^^^^^^^^^^^^^^^^^^^^^^^^^^^^^^^^^^^^^^^^^^^^^^^^^^^
E   urllib3.exceptions.MaxRetryError: HTTPConnectionPool(host='localhost', port=3300): Max retries exceeded with url: /api/user/login (Caused by NewConnectionError("HTTPConnection(host='localhost', port=3300): Failed to establish a new connection: [Errno 111] Connection refused"))

During handling of the above exception, another exception occurred:
tests/test_webhook_queue.py:159: in user_token
    response = requests.post(
/root/.venv/lib/python3.11/site-packages/requests/api.py:115: in post
    return request("post", url, data=data, json=json, **kwargs)
           ^^^^^^^^^^^^^^^^^^^^^^^^^^^^^^^^^^^^^^^^^^^^^^^^^^^^
/root/.venv/lib/python3.11/site-packages/requests/api.py:59: in request
    return session.request(method=method, url=url, **kwargs)
           ^^^^^^^^^^^^^^^^^^^^^^^^^^^^^^^^^^^^^^^^^^^^^^^^^
/root/.venv/lib/python3.11/site-packages/requests/sessions.py:589: in request
    resp = self.send(prep, **send_kwargs)
           ^^^^^^^^^^^^^^^^^^^^^^^^^^^^^^
/root/.venv/lib/python3.11/site-packages/requests/sessions.py:703: in send
    r = adapter.send(request, **kwargs)
        ^^^^^^^^^^^^^^^^^^^^^^^^^^^^^^^
/root/.venv/lib/python3.11/site-packages/requests/adapters.py:700: in send
    raise ConnectionError(e, request=request)
E   requests.exceptions.ConnectionError: HTTPConnectionPool(host='localhost', port=3300): Max retries exceeded with url: /api/user/login (Caused by NewConnectionError("HTTPConnection(host='localhost', port=3300): Failed to establish a new connection: [Errno 111] Connection refused"))</error></testcase><testcase classname="tests.test_webhook_queue.TestAdminEndpointsWithNoAuth" name="test_queue_health_requires_auth" time="0.001"><failure message="requests.exceptions.ConnectionError: HTTPConnectionPool(host='localhost', port=3300): Max retries exceeded with url: /diagnostics/webhook-queue (Caused by NewConnectionError(&quot;HTTPConnection(host='localhost', port=3300): Failed to establish a new connection: [Errno 111] Connection refused&quot;))">/root/.venv/lib/python3.11/site-packages/urllib3/connection.py:204: in _new_conn
    sock = connection.create_connection(
/root/.venv/lib/python3.11/site-packages/urllib3/util/connection.py:85: in create_connection
    raise err
/root/.venv/lib/python3.11/site-packages/urllib3/util/connection.py:73: in create_connection
    sock.connect(sa)
E   ConnectionRefusedError: [Errno 111] Connection refused

The above exception was the direct cause of the following exception:
/root/.venv/lib/python3.11/site-packages/urllib3/connectionpool.py:787: in urlopen
    response = self._make_request(
/root/.venv/lib/python3.11/site-packages/urllib3/connectionpool.py:493: in _make_request
    conn.request(
/root/.venv/lib/python3.11/site-packages/urllib3/connection.py:500: in request
    self.endheaders()
/usr/local/lib/python3.11/http/client.py:1298: in endheaders
    self._send_output(message_body, encode_chunked=encode_chunked)
/usr/local/lib/python3.11/http/client.py:1058: in _send_output
    self.send(msg)
/usr/local/lib/python3.11/http/client.py:996: in send
    self.connect()
/root/.venv/lib/python3.11/site-packages/urllib3/connection.py:331: in connect
    self.sock = self._new_conn()
                ^^^^^^^^^^^^^^^^
/root/.venv/lib/python3.11/site-packages/urllib3/connection.py:219: in _new_conn
    raise NewConnectionError(
E   urllib3.exceptions.NewConnectionError: HTTPConnection(host='localhost', port=3300): Failed to establish a new connection: [Errno 111] Connection refused

The above exception was the direct cause of the following exception:
/root/.venv/lib/python3.11/site-packages/requests/adapters.py:667: in send
    resp = conn.urlopen(
/root/.venv/lib/python3.11/site-packages/urllib3/connectionpool.py:841: in urlopen
    retries = retries.increment(
/root/.venv/lib/python3.11/site-packages/urllib3/util/retry.py:535: in increment
    raise MaxRetryError(_pool, url, reason) from reason  # type: ignore[arg-type]
    ^^^^^^^^^^^^^^^^^^^^^^^^^^^^^^^^^^^^^^^^^^^^^^^^^^^
E   urllib3.exceptions.MaxRetryError: HTTPConnectionPool(host='localhost', port=3300): Max retries exceeded with url: /diagnostics/webhook-queue (Caused by NewConnectionError("HTTPConnection(host='localhost', port=3300): Failed to establish a new connection: [Errno 111] Connection refused"))

During handling of the above exception, another exception occurred:
tests/test_webhook_queue.py:210: in test_queue_health_requires_auth
    response = requests.get(f"{BASE_URL}/diagnostics/webhook-queue")
               ^^^^^^^^^^^^^^^^^^^^^^^^^^^^^^^^^^^^^^^^^^^^^^^^^^^^^
/root/.venv/lib/python3.11/site-packages/requests/api.py:73: in get
    return request("get", url, params=params, **kwargs)
           ^^^^^^^^^^^^^^^^^^^^^^^^^^^^^^^^^^^^^^^^^^^^
/root/.venv/lib/python3.11/site-packages/requests/api.py:59: in request
    return session.request(method=method, url=url, **kwargs)
           ^^^^^^^^^^^^^^^^^^^^^^^^^^^^^^^^^^^^^^^^^^^^^^^^^
/root/.venv/lib/python3.11/site-packages/requests/sessions.py:589: in request
    resp = self.send(prep, **send_kwargs)
           ^^^^^^^^^^^^^^^^^^^^^^^^^^^^^^
/root/.venv/lib/python3.11/site-packages/requests/sessions.py:703: in send
    r = adapter.send(request, **kwargs)
        ^^^^^^^^^^^^^^^^^^^^^^^^^^^^^^^
/root/.venv/lib/python3.11/site-packages/requests/adapters.py:700: in send
    raise ConnectionError(e, request=request)
E   requests.exceptions.ConnectionError: HTTPConnectionPool(host='localhost', port=3300): Max retries exceeded with url: /diagnostics/webhook-queue (Caused by NewConnectionError("HTTPConnection(host='localhost', port=3300): Failed to establish a new connection: [Errno 111] Connection refused"))</failure></testcase><testcase classname="tests.test_webhook_queue.TestAdminEndpointsWithNoAuth" name="test_dlq_listing_requires_auth" time="0.001"><failure message="requests.exceptions.ConnectionError: HTTPConnectionPool(host='localhost', port=3300): Max retries exceeded with url: /diagnostics/webhook-queue/dlq (Caused by NewConnectionError(&quot;HTTPConnection(host='localhost', port=3300): Failed to establish a new connection: [Errno 111] Connection refused&quot;))">/root/.venv/lib/python3.11/site-packages/urllib3/connection.py:204: in _new_conn
    sock = connection.create_connection(
/root/.venv/lib/python3.11/site-packages/urllib3/util/connection.py:85: in create_connection
    raise err
/root/.venv/lib/python3.11/site-packages/urllib3/util/connection.py:73: in create_connection
    sock.connect(sa)
E   ConnectionRefusedError: [Errno 111] Connection refused

The above exception was the direct cause of the following exception:
/root/.venv/lib/python3.11/site-packages/urllib3/connectionpool.py:787: in urlopen
    response = self._make_request(
/root/.venv/lib/python3.11/site-packages/urllib3/connectionpool.py:493: in _make_request
    conn.request(
/root/.venv/lib/python3.11/site-packages/urllib3/connection.py:500: in request
    self.endheaders()
/usr/local/lib/python3.11/http/client.py:1298: in endheaders
    self._send_output(message_body, encode_chunked=encode_chunked)
/usr/local/lib/python3.11/http/client.py:1058: in _send_output
    self.send(msg)
/usr/local/lib/python3.11/http/client.py:996: in send
    self.connect()
/root/.venv/lib/python3.11/site-packages/urllib3/connection.py:331: in connect
    self.sock = self._new_conn()
                ^^^^^^^^^^^^^^^^
/root/.venv/lib/python3.11/site-packages/urllib3/connection.py:219: in _new_conn
    raise NewConnectionError(
E   urllib3.exceptions.NewConnectionError: HTTPConnection(host='localhost', port=3300): Failed to establish a new connection: [Errno 111] Connection refused

The above exception was the direct cause of the following exception:
/root/.venv/lib/python3.11/site-packages/requests/adapters.py:667: in send
    resp = conn.urlopen(
/root/.venv/lib/python3.11/site-packages/urllib3/connectionpool.py:841: in urlopen
    retries = retries.increment(
/root/.venv/lib/python3.11/site-packages/urllib3/util/retry.py:535: in increment
    raise MaxRetryError(_pool, url, reason) from reason  # type: ignore[arg-type]
    ^^^^^^^^^^^^^^^^^^^^^^^^^^^^^^^^^^^^^^^^^^^^^^^^^^^
E   urllib3.exceptions.MaxRetryError: HTTPConnectionPool(host='localhost', port=3300): Max retries exceeded with url: /diagnostics/webhook-queue/dlq (Caused by NewConnectionError("HTTPConnection(host='localhost', port=3300): Failed to establish a new connection: [Errno 111] Connection refused"))

During handling of the above exception, another exception occurred:
tests/test_webhook_queue.py:216: in test_dlq_listing_requires_auth
    response = requests.get(f"{BASE_URL}/diagnostics/webhook-queue/dlq")
               ^^^^^^^^^^^^^^^^^^^^^^^^^^^^^^^^^^^^^^^^^^^^^^^^^^^^^^^^^
/root/.venv/lib/python3.11/site-packages/requests/api.py:73: in get
    return request("get", url, params=params, **kwargs)
           ^^^^^^^^^^^^^^^^^^^^^^^^^^^^^^^^^^^^^^^^^^^^
/root/.venv/lib/python3.11/site-packages/requests/api.py:59: in request
    return session.request(method=method, url=url, **kwargs)
           ^^^^^^^^^^^^^^^^^^^^^^^^^^^^^^^^^^^^^^^^^^^^^^^^^
/root/.venv/lib/python3.11/site-packages/requests/sessions.py:589: in request
    resp = self.send(prep, **send_kwargs)
           ^^^^^^^^^^^^^^^^^^^^^^^^^^^^^^
/root/.venv/lib/python3.11/site-packages/requests/sessions.py:703: in send
    r = adapter.send(request, **kwargs)
        ^^^^^^^^^^^^^^^^^^^^^^^^^^^^^^^
/root/.venv/lib/python3.11/site-packages/requests/adapters.py:700: in send
    raise ConnectionError(e, request=request)
E   requests.exceptions.ConnectionError: HTTPConnectionPool(host='localhost', port=3300): Max retries exceeded with url: /diagnostics/webhook-queue/dlq (Caused by NewConnectionError("HTTPConnection(host='localhost', port=3300): Failed to establish a new connection: [Errno 111] Connection refused"))</failure></testcase><testcase classname="tests.test_webhook_queue.TestAdminEndpointsWithNoAuth" name="test_dlq_retry_requires_auth" time="0.002"><failure message="requests.exceptions.ConnectionError: HTTPConnectionPool(host='localhost', port=3300): Max retries exceeded with url: /diagnostics/webhook-queue/dlq/test-job-id/retry (Caused by NewConnectionError(&quot;HTTPConnection(host='localhost', port=3300): Failed to establish a new connection: [Errno 111] Connection refused&quot;))">/root/.venv/lib/python3.11/site-packages/urllib3/connection.py:204: in _new_conn
    sock = connection.create_connection(
/root/.venv/lib/python3.11/site-packages/urllib3/util/connection.py:85: in create_connection
    raise err
/root/.venv/lib/python3.11/site-packages/urllib3/util/connection.py:73: in create_connection
    sock.connect(sa)
E   ConnectionRefusedError: [Errno 111] Connection refused

The above exception was the direct cause of the following exception:
/root/.venv/lib/python3.11/site-packages/urllib3/connectionpool.py:787: in urlopen
    response = self._make_request(
/root/.venv/lib/python3.11/site-packages/urllib3/connectionpool.py:493: in _make_request
    conn.request(
/root/.venv/lib/python3.11/site-packages/urllib3/connection.py:500: in request
    self.endheaders()
/usr/local/lib/python3.11/http/client.py:1298: in endheaders
    self._send_output(message_body, encode_chunked=encode_chunked)
/usr/local/lib/python3.11/http/client.py:1058: in _send_output
    self.send(msg)
/usr/local/lib/python3.11/http/client.py:996: in send
    self.connect()
/root/.venv/lib/python3.11/site-packages/urllib3/connection.py:331: in connect
    self.sock = self._new_conn()
                ^^^^^^^^^^^^^^^^
/root/.venv/lib/python3.11/site-packages/urllib3/connection.py:219: in _new_conn
    raise NewConnectionError(
E   urllib3.exceptions.NewConnectionError: HTTPConnection(host='localhost', port=3300): Failed to establish a new connection: [Errno 111] Connection refused

The above exception was the direct cause of the following exception:
/root/.venv/lib/python3.11/site-packages/requests/adapters.py:667: in send
    resp = conn.urlopen(
/root/.venv/lib/python3.11/site-packages/urllib3/connectionpool.py:841: in urlopen
    retries = retries.increment(
/root/.venv/lib/python3.11/site-packages/urllib3/util/retry.py:535: in increment
    raise MaxRetryError(_pool, url, reason) from reason  # type: ignore[arg-type]
    ^^^^^^^^^^^^^^^^^^^^^^^^^^^^^^^^^^^^^^^^^^^^^^^^^^^
E   urllib3.exceptions.MaxRetryError: HTTPConnectionPool(host='localhost', port=3300): Max retries exceeded with url: /diagnostics/webhook-queue/dlq/test-job-id/retry (Caused by NewConnectionError("HTTPConnection(host='localhost', port=3300): Failed to establish a new connection: [Errno 111] Connection refused"))

During handling of the above exception, another exception occurred:
tests/test_webhook_queue.py:222: in test_dlq_retry_requires_auth
    response = requests.post(f"{BASE_URL}/diagnostics/webhook-queue/dlq/test-job-id/retry")
               ^^^^^^^^^^^^^^^^^^^^^^^^^^^^^^^^^^^^^^^^^^^^^^^^^^^^^^^^^^^^^^^^^^^^^^^^^^^^
/root/.venv/lib/python3.11/site-packages/requests/api.py:115: in post
    return request("post", url, data=data, json=json, **kwargs)
           ^^^^^^^^^^^^^^^^^^^^^^^^^^^^^^^^^^^^^^^^^^^^^^^^^^^^
/root/.venv/lib/python3.11/site-packages/requests/api.py:59: in request
    return session.request(method=method, url=url, **kwargs)
           ^^^^^^^^^^^^^^^^^^^^^^^^^^^^^^^^^^^^^^^^^^^^^^^^^
/root/.venv/lib/python3.11/site-packages/requests/sessions.py:589: in request
    resp = self.send(prep, **send_kwargs)
           ^^^^^^^^^^^^^^^^^^^^^^^^^^^^^^
/root/.venv/lib/python3.11/site-packages/requests/sessions.py:703: in send
    r = adapter.send(request, **kwargs)
        ^^^^^^^^^^^^^^^^^^^^^^^^^^^^^^^
/root/.venv/lib/python3.11/site-packages/requests/adapters.py:700: in send
    raise ConnectionError(e, request=request)
E   requests.exceptions.ConnectionError: HTTPConnectionPool(host='localhost', port=3300): Max retries exceeded with url: /diagnostics/webhook-queue/dlq/test-job-id/retry (Caused by NewConnectionError("HTTPConnection(host='localhost', port=3300): Failed to establish a new connection: [Errno 111] Connection refused"))</failure></testcase><testcase classname="tests.test_webhook_queue.TestAdminEndpointsWithNoAuth" name="test_manual_reconcile_requires_auth" time="0.001"><failure message="requests.exceptions.ConnectionError: HTTPConnectionPool(host='localhost', port=3300): Max retries exceeded with url: /diagnostics/webhook-queue/reconcile (Caused by NewConnectionError(&quot;HTTPConnection(host='localhost', port=3300): Failed to establish a new connection: [Errno 111] Connection refused&quot;))">/root/.venv/lib/python3.11/site-packages/urllib3/connection.py:204: in _new_conn
    sock = connection.create_connection(
/root/.venv/lib/python3.11/site-packages/urllib3/util/connection.py:85: in create_connection
    raise err
/root/.venv/lib/python3.11/site-packages/urllib3/util/connection.py:73: in create_connection
    sock.connect(sa)
E   ConnectionRefusedError: [Errno 111] Connection refused

The above exception was the direct cause of the following exception:
/root/.venv/lib/python3.11/site-packages/urllib3/connectionpool.py:787: in urlopen
    response = self._make_request(
/root/.venv/lib/python3.11/site-packages/urllib3/connectionpool.py:493: in _make_request
    conn.request(
/root/.venv/lib/python3.11/site-packages/urllib3/connection.py:500: in request
    self.endheaders()
/usr/local/lib/python3.11/http/client.py:1298: in endheaders
    self._send_output(message_body, encode_chunked=encode_chunked)
/usr/local/lib/python3.11/http/client.py:1058: in _send_output
    self.send(msg)
/usr/local/lib/python3.11/http/client.py:996: in send
    self.connect()
/root/.venv/lib/python3.11/site-packages/urllib3/connection.py:331: in connect
    self.sock = self._new_conn()
                ^^^^^^^^^^^^^^^^
/root/.venv/lib/python3.11/site-packages/urllib3/connection.py:219: in _new_conn
    raise NewConnectionError(
E   urllib3.exceptions.NewConnectionError: HTTPConnection(host='localhost', port=3300): Failed to establish a new connection: [Errno 111] Connection refused

The above exception was the direct cause of the following exception:
/root/.venv/lib/python3.11/site-packages/requests/adapters.py:667: in send
    resp = conn.urlopen(
/root/.venv/lib/python3.11/site-packages/urllib3/connectionpool.py:841: in urlopen
    retries = retries.increment(
/root/.venv/lib/python3.11/site-packages/urllib3/util/retry.py:535: in increment
    raise MaxRetryError(_pool, url, reason) from reason  # type: ignore[arg-type]
    ^^^^^^^^^^^^^^^^^^^^^^^^^^^^^^^^^^^^^^^^^^^^^^^^^^^
E   urllib3.exceptions.MaxRetryError: HTTPConnectionPool(host='localhost', port=3300): Max retries exceeded with url: /diagnostics/webhook-queue/reconcile (Caused by NewConnectionError("HTTPConnection(host='localhost', port=3300): Failed to establish a new connection: [Errno 111] Connection refused"))

During handling of the above exception, another exception occurred:
tests/test_webhook_queue.py:228: in test_manual_reconcile_requires_auth
    response = requests.post(f"{BASE_URL}/diagnostics/webhook-queue/reconcile")
               ^^^^^^^^^^^^^^^^^^^^^^^^^^^^^^^^^^^^^^^^^^^^^^^^^^^^^^^^^^^^^^^^
/root/.venv/lib/python3.11/site-packages/requests/api.py:115: in post
    return request("post", url, data=data, json=json, **kwargs)
           ^^^^^^^^^^^^^^^^^^^^^^^^^^^^^^^^^^^^^^^^^^^^^^^^^^^^
/root/.venv/lib/python3.11/site-packages/requests/api.py:59: in request
    return session.request(method=method, url=url, **kwargs)
           ^^^^^^^^^^^^^^^^^^^^^^^^^^^^^^^^^^^^^^^^^^^^^^^^^
/root/.venv/lib/python3.11/site-packages/requests/sessions.py:589: in request
    resp = self.send(prep, **send_kwargs)
           ^^^^^^^^^^^^^^^^^^^^^^^^^^^^^^
/root/.venv/lib/python3.11/site-packages/requests/sessions.py:703: in send
    r = adapter.send(request, **kwargs)
        ^^^^^^^^^^^^^^^^^^^^^^^^^^^^^^^
/root/.venv/lib/python3.11/site-packages/requests/adapters.py:700: in send
    raise ConnectionError(e, request=request)
E   requests.exceptions.ConnectionError: HTTPConnectionPool(host='localhost', port=3300): Max retries exceeded with url: /diagnostics/webhook-queue/reconcile (Caused by NewConnectionError("HTTPConnection(host='localhost', port=3300): Failed to establish a new connection: [Errno 111] Connection refused"))</failure></testcase><testcase classname="tests.test_webhook_queue.TestRemovedEndpoints" name="test_recover_payment_endpoint_removed" time="0.001"><failure message="requests.exceptions.ConnectionError: HTTPConnectionPool(host='localhost', port=3300): Max retries exceeded with url: /diagnostics/recover-payment (Caused by NewConnectionError(&quot;HTTPConnection(host='localhost', port=3300): Failed to establish a new connection: [Errno 111] Connection refused&quot;))">/root/.venv/lib/python3.11/site-packages/urllib3/connection.py:204: in _new_conn
    sock = connection.create_connection(
/root/.venv/lib/python3.11/site-packages/urllib3/util/connection.py:85: in create_connection
    raise err
/root/.venv/lib/python3.11/site-packages/urllib3/util/connection.py:73: in create_connection
    sock.connect(sa)
E   ConnectionRefusedError: [Errno 111] Connection refused

The above exception was the direct cause of the following exception:
/root/.venv/lib/python3.11/site-packages/urllib3/connectionpool.py:787: in urlopen
    response = self._make_request(
/root/.venv/lib/python3.11/site-packages/urllib3/connectionpool.py:493: in _make_request
    conn.request(
/root/.venv/lib/python3.11/site-packages/urllib3/connection.py:500: in request
    self.endheaders()
/usr/local/lib/python3.11/http/client.py:1298: in endheaders
    self._send_output(message_body, encode_chunked=encode_chunked)
/usr/local/lib/python3.11/http/client.py:1058: in _send_output
    self.send(msg)
/usr/local/lib/python3.11/http/client.py:996: in send
    self.connect()
/root/.venv/lib/python3.11/site-packages/urllib3/connection.py:331: in connect
    self.sock = self._new_conn()
                ^^^^^^^^^^^^^^^^
/root/.venv/lib/python3.11/site-packages/urllib3/connection.py:219: in _new_conn
    raise NewConnectionError(
E   urllib3.exceptions.NewConnectionError: HTTPConnection(host='localhost', port=3300): Failed to establish a new connection: [Errno 111] Connection refused

The above exception was the direct cause of the following exception:
/root/.venv/lib/python3.11/site-packages/requests/adapters.py:667: in send
    resp = conn.urlopen(
/root/.venv/lib/python3.11/site-packages/urllib3/connectionpool.py:841: in urlopen
    retries = retries.increment(
/root/.venv/lib/python3.11/site-packages/urllib3/util/retry.py:535: in increment
    raise MaxRetryError(_pool, url, reason) from reason  # type: ignore[arg-type]
    ^^^^^^^^^^^^^^^^^^^^^^^^^^^^^^^^^^^^^^^^^^^^^^^^^^^
E   urllib3.exceptions.MaxRetryError: HTTPConnectionPool(host='localhost', port=3300): Max retries exceeded with url: /diagnostics/recover-payment (Caused by NewConnectionError("HTTPConnection(host='localhost', port=3300): Failed to establish a new connection: [Errno 111] Connection refused"))

During handling of the above exception, another exception occurred:
tests/test_webhook_queue.py:238: in test_recover_payment_endpoint_removed
    response = requests.post(
/root/.venv/lib/python3.11/site-packages/requests/api.py:115: in post
    return request("post", url, data=data, json=json, **kwargs)
           ^^^^^^^^^^^^^^^^^^^^^^^^^^^^^^^^^^^^^^^^^^^^^^^^^^^^
/root/.venv/lib/python3.11/site-packages/requests/api.py:59: in request
    return session.request(method=method, url=url, **kwargs)
           ^^^^^^^^^^^^^^^^^^^^^^^^^^^^^^^^^^^^^^^^^^^^^^^^^
/root/.venv/lib/python3.11/site-packages/requests/sessions.py:589: in request
    resp = self.send(prep, **send_kwargs)
           ^^^^^^^^^^^^^^^^^^^^^^^^^^^^^^
/root/.venv/lib/python3.11/site-packages/requests/sessions.py:703: in send
    r = adapter.send(request, **kwargs)
        ^^^^^^^^^^^^^^^^^^^^^^^^^^^^^^^
/root/.venv/lib/python3.11/site-packages/requests/adapters.py:700: in send
    raise ConnectionError(e, request=request)
E   requests.exceptions.ConnectionError: HTTPConnectionPool(host='localhost', port=3300): Max retries exceeded with url: /diagnostics/recover-payment (Caused by NewConnectionError("HTTPConnection(host='localhost', port=3300): Failed to establish a new connection: [Errno 111] Connection refused"))</failure></testcase><testcase classname="tests.test_webhook_queue.TestRemovedEndpoints" name="test_recover_payment_api_prefix_also_removed" time="0.001"><failure message="requests.exceptions.ConnectionError: HTTPConnectionPool(host='localhost', port=3300): Max retries exceeded with url: /api/diagnostics/recover-payment (Caused by NewConnectionError(&quot;HTTPConnection(host='localhost', port=3300): Failed to establish a new connection: [Errno 111] Connection refused&quot;))">/root/.venv/lib/python3.11/site-packages/urllib3/connection.py:204: in _new_conn
    sock = connection.create_connection(
/root/.venv/lib/python3.11/site-packages/urllib3/util/connection.py:85: in create_connection
    raise err
/root/.venv/lib/python3.11/site-packages/urllib3/util/connection.py:73: in create_connection
    sock.connect(sa)
E   ConnectionRefusedError: [Errno 111] Connection refused

The above exception was the direct cause of the following exception:
/root/.venv/lib/python3.11/site-packages/urllib3/connectionpool.py:787: in urlopen
    response = self._make_request(
/root/.venv/lib/python3.11/site-packages/urllib3/connectionpool.py:493: in _make_request
    conn.request(
/root/.venv/lib/python3.11/site-packages/urllib3/connection.py:500: in request
    self.endheaders()
/usr/local/lib/python3.11/http/client.py:1298: in endheaders
    self._send_output(message_body, encode_chunked=encode_chunked)
/usr/local/lib/python3.11/http/client.py:1058: in _send_output
    self.send(msg)
/usr/local/lib/python3.11/http/client.py:996: in send
    self.connect()
/root/.venv/lib/python3.11/site-packages/urllib3/connection.py:331: in connect
    self.sock = self._new_conn()
                ^^^^^^^^^^^^^^^^
/root/.venv/lib/python3.11/site-packages/urllib3/connection.py:219: in _new_conn
    raise NewConnectionError(
E   urllib3.exceptions.NewConnectionError: HTTPConnection(host='localhost', port=3300): Failed to establish a new connection: [Errno 111] Connection refused

The above exception was the direct cause of the following exception:
/root/.venv/lib/python3.11/site-packages/requests/adapters.py:667: in send
    resp = conn.urlopen(
/root/.venv/lib/python3.11/site-packages/urllib3/connectionpool.py:841: in urlopen
    retries = retries.increment(
/root/.venv/lib/python3.11/site-packages/urllib3/util/retry.py:535: in increment
    raise MaxRetryError(_pool, url, reason) from reason  # type: ignore[arg-type]
    ^^^^^^^^^^^^^^^^^^^^^^^^^^^^^^^^^^^^^^^^^^^^^^^^^^^
E   urllib3.exceptions.MaxRetryError: HTTPConnectionPool(host='localhost', port=3300): Max retries exceeded with url: /api/diagnostics/recover-payment (Caused by NewConnectionError("HTTPConnection(host='localhost', port=3300): Failed to establish a new connection: [Errno 111] Connection refused"))

During handling of the above exception, another exception occurred:
tests/test_webhook_queue.py:247: in test_recover_payment_api_prefix_also_removed
    response = requests.post(
/root/.venv/lib/python3.11/site-packages/requests/api.py:115: in post
    return request("post", url, data=data, json=json, **kwargs)
           ^^^^^^^^^^^^^^^^^^^^^^^^^^^^^^^^^^^^^^^^^^^^^^^^^^^^
/root/.venv/lib/python3.11/site-packages/requests/api.py:59: in request
    return session.request(method=method, url=url, **kwargs)
           ^^^^^^^^^^^^^^^^^^^^^^^^^^^^^^^^^^^^^^^^^^^^^^^^^
/root/.venv/lib/python3.11/site-packages/requests/sessions.py:589: in request
    resp = self.send(prep, **send_kwargs)
           ^^^^^^^^^^^^^^^^^^^^^^^^^^^^^^
/root/.venv/lib/python3.11/site-packages/requests/sessions.py:703: in send
    r = adapter.send(request, **kwargs)
        ^^^^^^^^^^^^^^^^^^^^^^^^^^^^^^^
/root/.venv/lib/python3.11/site-packages/requests/adapters.py:700: in send
    raise ConnectionError(e, request=request)
E   requests.exceptions.ConnectionError: HTTPConnectionPool(host='localhost', port=3300): Max retries exceeded with url: /api/diagnostics/recover-payment (Caused by NewConnectionError("HTTPConnection(host='localhost', port=3300): Failed to establish a new connection: [Errno 111] Connection refused"))</failure></testcase><testcase classname="tests.test_webhook_queue.TestExistingDiagnosticsEndpoints" name="test_tunnel_status_works" time="0.002"><failure message="requests.exceptions.ConnectionError: HTTPConnectionPool(host='localhost', port=3300): Max retries exceeded with url: /diagnostics/tunnel-status (Caused by NewConnectionError(&quot;HTTPConnection(host='localhost', port=3300): Failed to establish a new connection: [Errno 111] Connection refused&quot;))">/root/.venv/lib/python3.11/site-packages/urllib3/connection.py:204: in _new_conn
    sock = connection.create_connection(
/root/.venv/lib/python3.11/site-packages/urllib3/util/connection.py:85: in create_connection
    raise err
/root/.venv/lib/python3.11/site-packages/urllib3/util/connection.py:73: in create_connection
    sock.connect(sa)
E   ConnectionRefusedError: [Errno 111] Connection refused

The above exception was the direct cause of the following exception:
/root/.venv/lib/python3.11/site-packages/urllib3/connectionpool.py:787: in urlopen
    response = self._make_request(
/root/.venv/lib/python3.11/site-packages/urllib3/connectionpool.py:493: in _make_request
    conn.request(
/root/.venv/lib/python3.11/site-packages/urllib3/connection.py:500: in request
    self.endheaders()
/usr/local/lib/python3.11/http/client.py:1298: in endheaders
    self._send_output(message_body, encode_chunked=encode_chunked)
/usr/local/lib/python3.11/http/client.py:1058: in _send_output
    self.send(msg)
/usr/local/lib/python3.11/http/client.py:996: in send
    self.connect()
/root/.venv/lib/python3.11/site-packages/urllib3/connection.py:331: in connect
    self.sock = self._new_conn()
                ^^^^^^^^^^^^^^^^
/root/.venv/lib/python3.11/site-packages/urllib3/connection.py:219: in _new_conn
    raise NewConnectionError(
E   urllib3.exceptions.NewConnectionError: HTTPConnection(host='localhost', port=3300): Failed to establish a new connection: [Errno 111] Connection refused

The above exception was the direct cause of the following exception:
/root/.venv/lib/python3.11/site-packages/requests/adapters.py:667: in send
    resp = conn.urlopen(
/root/.venv/lib/python3.11/site-packages/urllib3/connectionpool.py:841: in urlopen
    retries = retries.increment(
/root/.venv/lib/python3.11/site-packages/urllib3/util/retry.py:535: in increment
    raise MaxRetryError(_pool, url, reason) from reason  # type: ignore[arg-type]
    ^^^^^^^^^^^^^^^^^^^^^^^^^^^^^^^^^^^^^^^^^^^^^^^^^^^
E   urllib3.exceptions.MaxRetryError: HTTPConnectionPool(host='localhost', port=3300): Max retries exceeded with url: /diagnostics/tunnel-status (Caused by NewConnectionError("HTTPConnection(host='localhost', port=3300): Failed to establish a new connection: [Errno 111] Connection refused"))

During handling of the above exception, another exception occurred:
tests/test_webhook_queue.py:260: in test_tunnel_status_works
    response = requests.get(f"{BASE_URL}/diagnostics/tunnel-status")
               ^^^^^^^^^^^^^^^^^^^^^^^^^^^^^^^^^^^^^^^^^^^^^^^^^^^^^
/root/.venv/lib/python3.11/site-packages/requests/api.py:73: in get
    return request("get", url, params=params, **kwargs)
           ^^^^^^^^^^^^^^^^^^^^^^^^^^^^^^^^^^^^^^^^^^^^
/root/.venv/lib/python3.11/site-packages/requests/api.py:59: in request
    return session.request(method=method, url=url, **kwargs)
           ^^^^^^^^^^^^^^^^^^^^^^^^^^^^^^^^^^^^^^^^^^^^^^^^^
/root/.venv/lib/python3.11/site-packages/requests/sessions.py:589: in request
    resp = self.send(prep, **send_kwargs)
           ^^^^^^^^^^^^^^^^^^^^^^^^^^^^^^
/root/.venv/lib/python3.11/site-packages/requests/sessions.py:703: in send
    r = adapter.send(request, **kwargs)
        ^^^^^^^^^^^^^^^^^^^^^^^^^^^^^^^
/root/.venv/lib/python3.11/site-packages/requests/adapters.py:700: in send
    raise ConnectionError(e, request=request)
E   requests.exceptions.ConnectionError: HTTPConnectionPool(host='localhost', port=3300): Max retries exceeded with url: /diagnostics/tunnel-status (Caused by NewConnectionError("HTTPConnection(host='localhost', port=3300): Failed to establish a new connection: [Errno 111] Connection refused"))</failure></testcase><testcase classname="tests.test_webhook_queue.TestExistingDiagnosticsEndpoints" name="test_binance_info_works" time="0.001"><failure message="requests.exceptions.ConnectionError: HTTPConnectionPool(host='localhost', port=3300): Max retries exceeded with url: /diagnostics/binance-info (Caused by NewConnectionError(&quot;HTTPConnection(host='localhost', port=3300): Failed to establish a new connection: [Errno 111] Connection refused&quot;))">/root/.venv/lib/python3.11/site-packages/urllib3/connection.py:204: in _new_conn
    sock = connection.create_connection(
/root/.venv/lib/python3.11/site-packages/urllib3/util/connection.py:85: in create_connection
    raise err
/root/.venv/lib/python3.11/site-packages/urllib3/util/connection.py:73: in create_connection
    sock.connect(sa)
E   ConnectionRefusedError: [Errno 111] Connection refused

The above exception was the direct cause of the following exception:
/root/.venv/lib/python3.11/site-packages/urllib3/connectionpool.py:787: in urlopen
    response = self._make_request(
/root/.venv/lib/python3.11/site-packages/urllib3/connectionpool.py:493: in _make_request
    conn.request(
/root/.venv/lib/python3.11/site-packages/urllib3/connection.py:500: in request
    self.endheaders()
/usr/local/lib/python3.11/http/client.py:1298: in endheaders
    self._send_output(message_body, encode_chunked=encode_chunked)
/usr/local/lib/python3.11/http/client.py:1058: in _send_output
    self.send(msg)
/usr/local/lib/python3.11/http/client.py:996: in send
    self.connect()
/root/.venv/lib/python3.11/site-packages/urllib3/connection.py:331: in connect
    self.sock = self._new_conn()
                ^^^^^^^^^^^^^^^^
/root/.venv/lib/python3.11/site-packages/urllib3/connection.py:219: in _new_conn
    raise NewConnectionError(
E   urllib3.exceptions.NewConnectionError: HTTPConnection(host='localhost', port=3300): Failed to establish a new connection: [Errno 111] Connection refused

The above exception was the direct cause of the following exception:
/root/.venv/lib/python3.11/site-packages/requests/adapters.py:667: in send
    resp = conn.urlopen(
/root/.venv/lib/python3.11/site-packages/urllib3/connectionpool.py:841: in urlopen
    retries = retries.increment(
/root/.venv/lib/python3.11/site-packages/urllib3/util/retry.py:535: in increment
    raise MaxRetryError(_pool, url, reason) from reason  # type: ignore[arg-type]
    ^^^^^^^^^^^^^^^^^^^^^^^^^^^^^^^^^^^^^^^^^^^^^^^^^^^
E   urllib3.exceptions.MaxRetryError: HTTPConnectionPool(host='localhost', port=3300): Max retries exceeded with url: /diagnostics/binance-info (Caused by NewConnectionError("HTTPConnection(host='localhost', port=3300): Failed to establish a new connection: [Errno 111] Connection refused"))

During handling of the above exception, another exception occurred:
tests/test_webhook_queue.py:268: in test_binance_info_works
    response = requests.get(f"{BASE_URL}/diagnostics/binance-info")
               ^^^^^^^^^^^^^^^^^^^^^^^^^^^^^^^^^^^^^^^^^^^^^^^^^^^^
/root/.venv/lib/python3.11/site-packages/requests/api.py:73: in get
    return request("get", url, params=params, **kwargs)
           ^^^^^^^^^^^^^^^^^^^^^^^^^^^^^^^^^^^^^^^^^^^^
/root/.venv/lib/python3.11/site-packages/requests/api.py:59: in request
    return session.request(method=method, url=url, **kwargs)
           ^^^^^^^^^^^^^^^^^^^^^^^^^^^^^^^^^^^^^^^^^^^^^^^^^
/root/.venv/lib/python3.11/site-packages/requests/sessions.py:589: in request
    resp = self.send(prep, **send_kwargs)
           ^^^^^^^^^^^^^^^^^^^^^^^^^^^^^^
/root/.venv/lib/python3.11/site-packages/requests/sessions.py:703: in send
    r = adapter.send(request, **kwargs)
        ^^^^^^^^^^^^^^^^^^^^^^^^^^^^^^^
/root/.venv/lib/python3.11/site-packages/requests/adapters.py:700: in send
    raise ConnectionError(e, request=request)
E   requests.exceptions.ConnectionError: HTTPConnectionPool(host='localhost', port=3300): Max retries exceeded with url: /diagnostics/binance-info (Caused by NewConnectionError("HTTPConnection(host='localhost', port=3300): Failed to establish a new connection: [Errno 111] Connection refused"))</failure></testcase><testcase classname="tests.test_webhook_queue.TestExistingDiagnosticsEndpoints" name="test_volatility_works" time="0.001"><failure message="requests.exceptions.ConnectionError: HTTPConnectionPool(host='localhost', port=3300): Max retries exceeded with url: /diagnostics/volatility (Caused by NewConnectionError(&quot;HTTPConnection(host='localhost', port=3300): Failed to establish a new connection: [Errno 111] Connection refused&quot;))">/root/.venv/lib/python3.11/site-packages/urllib3/connection.py:204: in _new_conn
    sock = connection.create_connection(
/root/.venv/lib/python3.11/site-packages/urllib3/util/connection.py:85: in create_connection
    raise err
/root/.venv/lib/python3.11/site-packages/urllib3/util/connection.py:73: in create_connection
    sock.connect(sa)
E   ConnectionRefusedError: [Errno 111] Connection refused

The above exception was the direct cause of the following exception:
/root/.venv/lib/python3.11/site-packages/urllib3/connectionpool.py:787: in urlopen
    response = self._make_request(
/root/.venv/lib/python3.11/site-packages/urllib3/connectionpool.py:493: in _make_request
    conn.request(
/root/.venv/lib/python3.11/site-packages/urllib3/connection.py:500: in request
    self.endheaders()
/usr/local/lib/python3.11/http/client.py:1298: in endheaders
    self._send_output(message_body, encode_chunked=encode_chunked)
/usr/local/lib/python3.11/http/client.py:1058: in _send_output
    self.send(msg)
/usr/local/lib/python3.11/http/client.py:996: in send
    self.connect()
/root/.venv/lib/python3.11/site-packages/urllib3/connection.py:331: in connect
    self.sock = self._new_conn()
                ^^^^^^^^^^^^^^^^
/root/.venv/lib/python3.11/site-packages/urllib3/connection.py:219: in _new_conn
    raise NewConnectionError(
E   urllib3.exceptions.NewConnectionError: HTTPConnection(host='localhost', port=3300): Failed to establish a new connection: [Errno 111] Connection refused

The above exception was the direct cause of the following exception:
/root/.venv/lib/python3.11/site-packages/requests/adapters.py:667: in send
    resp = conn.urlopen(
/root/.venv/lib/python3.11/site-packages/urllib3/connectionpool.py:841: in urlopen
    retries = retries.increment(
/root/.venv/lib/python3.11/site-packages/urllib3/util/retry.py:535: in increment
    raise MaxRetryError(_pool, url, reason) from reason  # type: ignore[arg-type]
    ^^^^^^^^^^^^^^^^^^^^^^^^^^^^^^^^^^^^^^^^^^^^^^^^^^^
E   urllib3.exceptions.MaxRetryError: HTTPConnectionPool(host='localhost', port=3300): Max retries exceeded with url: /diagnostics/volatility (Caused by NewConnectionError("HTTPConnection(host='localhost', port=3300): Failed to establish a new connection: [Errno 111] Connection refused"))

During handling of the above exception, another exception occurred:
tests/test_webhook_queue.py:276: in test_volatility_works
    response = requests.get(f"{BASE_URL}/diagnostics/volatility")
               ^^^^^^^^^^^^^^^^^^^^^^^^^^^^^^^^^^^^^^^^^^^^^^^^^^
/root/.venv/lib/python3.11/site-packages/requests/api.py:73: in get
    return request("get", url, params=params, **kwargs)
           ^^^^^^^^^^^^^^^^^^^^^^^^^^^^^^^^^^^^^^^^^^^^
/root/.venv/lib/python3.11/site-packages/requests/api.py:59: in request
    return session.request(method=method, url=url, **kwargs)
           ^^^^^^^^^^^^^^^^^^^^^^^^^^^^^^^^^^^^^^^^^^^^^^^^^
/root/.venv/lib/python3.11/site-packages/requests/sessions.py:589: in request
    resp = self.send(prep, **send_kwargs)
           ^^^^^^^^^^^^^^^^^^^^^^^^^^^^^^
/root/.venv/lib/python3.11/site-packages/requests/sessions.py:703: in send
    r = adapter.send(request, **kwargs)
        ^^^^^^^^^^^^^^^^^^^^^^^^^^^^^^^
/root/.venv/lib/python3.11/site-packages/requests/adapters.py:700: in send
    raise ConnectionError(e, request=request)
E   requests.exceptions.ConnectionError: HTTPConnectionPool(host='localhost', port=3300): Max retries exceeded with url: /diagnostics/volatility (Caused by NewConnectionError("HTTPConnection(host='localhost', port=3300): Failed to establish a new connection: [Errno 111] Connection refused"))</failure></testcase><testcase classname="tests.test_webhook_queue.TestExistingDiagnosticsEndpoints" name="test_fee_rates_works" time="0.001"><failure message="requests.exceptions.ConnectionError: HTTPConnectionPool(host='localhost', port=3300): Max retries exceeded with url: /diagnostics/fee-rates (Caused by NewConnectionError(&quot;HTTPConnection(host='localhost', port=3300): Failed to establish a new connection: [Errno 111] Connection refused&quot;))">/root/.venv/lib/python3.11/site-packages/urllib3/connection.py:204: in _new_conn
    sock = connection.create_connection(
/root/.venv/lib/python3.11/site-packages/urllib3/util/connection.py:85: in create_connection
    raise err
/root/.venv/lib/python3.11/site-packages/urllib3/util/connection.py:73: in create_connection
    sock.connect(sa)
E   ConnectionRefusedError: [Errno 111] Connection refused

The above exception was the direct cause of the following exception:
/root/.venv/lib/python3.11/site-packages/urllib3/connectionpool.py:787: in urlopen
    response = self._make_request(
/root/.venv/lib/python3.11/site-packages/urllib3/connectionpool.py:493: in _make_request
    conn.request(
/root/.venv/lib/python3.11/site-packages/urllib3/connection.py:500: in request
    self.endheaders()
/usr/local/lib/python3.11/http/client.py:1298: in endheaders
    self._send_output(message_body, encode_chunked=encode_chunked)
/usr/local/lib/python3.11/http/client.py:1058: in _send_output
    self.send(msg)
/usr/local/lib/python3.11/http/client.py:996: in send
    self.connect()
/root/.venv/lib/python3.11/site-packages/urllib3/connection.py:331: in connect
    self.sock = self._new_conn()
                ^^^^^^^^^^^^^^^^
/root/.venv/lib/python3.11/site-packages/urllib3/connection.py:219: in _new_conn
    raise NewConnectionError(
E   urllib3.exceptions.NewConnectionError: HTTPConnection(host='localhost', port=3300): Failed to establish a new connection: [Errno 111] Connection refused

The above exception was the direct cause of the following exception:
/root/.venv/lib/python3.11/site-packages/requests/adapters.py:667: in send
    resp = conn.urlopen(
/root/.venv/lib/python3.11/site-packages/urllib3/connectionpool.py:841: in urlopen
    retries = retries.increment(
/root/.venv/lib/python3.11/site-packages/urllib3/util/retry.py:535: in increment
    raise MaxRetryError(_pool, url, reason) from reason  # type: ignore[arg-type]
    ^^^^^^^^^^^^^^^^^^^^^^^^^^^^^^^^^^^^^^^^^^^^^^^^^^^
E   urllib3.exceptions.MaxRetryError: HTTPConnectionPool(host='localhost', port=3300): Max retries exceeded with url: /diagnostics/fee-rates (Caused by NewConnectionError("HTTPConnection(host='localhost', port=3300): Failed to establish a new connection: [Errno 111] Connection refused"))

During handling of the above exception, another exception occurred:
tests/test_webhook_queue.py:284: in test_fee_rates_works
    response = requests.get(f"{BASE_URL}/diagnostics/fee-rates")
               ^^^^^^^^^^^^^^^^^^^^^^^^^^^^^^^^^^^^^^^^^^^^^^^^^
/root/.venv/lib/python3.11/site-packages/requests/api.py:73: in get
    return request("get", url, params=params, **kwargs)
           ^^^^^^^^^^^^^^^^^^^^^^^^^^^^^^^^^^^^^^^^^^^^
/root/.venv/lib/python3.11/site-packages/requests/api.py:59: in request
    return session.request(method=method, url=url, **kwargs)
           ^^^^^^^^^^^^^^^^^^^^^^^^^^^^^^^^^^^^^^^^^^^^^^^^^
/root/.venv/lib/python3.11/site-packages/requests/sessions.py:589: in request
    resp = self.send(prep, **send_kwargs)
           ^^^^^^^^^^^^^^^^^^^^^^^^^^^^^^
/root/.venv/lib/python3.11/site-packages/requests/sessions.py:703: in send
    r = adapter.send(request, **kwargs)
        ^^^^^^^^^^^^^^^^^^^^^^^^^^^^^^^
/root/.venv/lib/python3.11/site-packages/requests/adapters.py:700: in send
    raise ConnectionError(e, request=request)
E   requests.exceptions.ConnectionError: HTTPConnectionPool(host='localhost', port=3300): Max retries exceeded with url: /diagnostics/fee-rates (Caused by NewConnectionError("HTTPConnection(host='localhost', port=3300): Failed to establish a new connection: [Errno 111] Connection refused"))</failure></testcase><testcase classname="tests.test_webhook_queue.TestWebhookQueueFunctionality" name="test_multiple_webhooks_processed_in_order" time="0.001"><failure message="requests.exceptions.ConnectionError: HTTPConnectionPool(host='localhost', port=3300): Max retries exceeded with url: /api/tatum-crypto-webhook (Caused by NewConnectionError(&quot;HTTPConnection(host='localhost', port=3300): Failed to establish a new connection: [Errno 111] Connection refused&quot;))">/root/.venv/lib/python3.11/site-packages/urllib3/connection.py:204: in _new_conn
    sock = connection.create_connection(
/root/.venv/lib/python3.11/site-packages/urllib3/util/connection.py:85: in create_connection
    raise err
/root/.venv/lib/python3.11/site-packages/urllib3/util/connection.py:73: in create_connection
    sock.connect(sa)
E   ConnectionRefusedError: [Errno 111] Connection refused

The above exception was the direct cause of the following exception:
/root/.venv/lib/python3.11/site-packages/urllib3/connectionpool.py:787: in urlopen
    response = self._make_request(
/root/.venv/lib/python3.11/site-packages/urllib3/connectionpool.py:493: in _make_request
    conn.request(
/root/.venv/lib/python3.11/site-packages/urllib3/connection.py:500: in request
    self.endheaders()
/usr/local/lib/python3.11/http/client.py:1298: in endheaders
    self._send_output(message_body, encode_chunked=encode_chunked)
/usr/local/lib/python3.11/http/client.py:1058: in _send_output
    self.send(msg)
/usr/local/lib/python3.11/http/client.py:996: in send
    self.connect()
/root/.venv/lib/python3.11/site-packages/urllib3/connection.py:331: in connect
    self.sock = self._new_conn()
                ^^^^^^^^^^^^^^^^
/root/.venv/lib/python3.11/site-packages/urllib3/connection.py:219: in _new_conn
    raise NewConnectionError(
E   urllib3.exceptions.NewConnectionError: HTTPConnection(host='localhost', port=3300): Failed to establish a new connection: [Errno 111] Connection refused

The above exception was the direct cause of the following exception:
/root/.venv/lib/python3.11/site-packages/requests/adapters.py:667: in send
    resp = conn.urlopen(
/root/.venv/lib/python3.11/site-packages/urllib3/connectionpool.py:841: in urlopen
    retries = retries.increment(
/root/.venv/lib/python3.11/site-packages/urllib3/util/retry.py:535: in increment
    raise MaxRetryError(_pool, url, reason) from reason  # type: ignore[arg-type]
    ^^^^^^^^^^^^^^^^^^^^^^^^^^^^^^^^^^^^^^^^^^^^^^^^^^^
E   urllib3.exceptions.MaxRetryError: HTTPConnectionPool(host='localhost', port=3300): Max retries exceeded with url: /api/tatum-crypto-webhook (Caused by NewConnectionError("HTTPConnection(host='localhost', port=3300): Failed to establish a new connection: [Errno 111] Connection refused"))

During handling of the above exception, another exception occurred:
tests/test_webhook_queue.py:306: in test_multiple_webhooks_processed_in_order
    response = requests.post(
/root/.venv/lib/python3.11/site-packages/requests/api.py:115: in post
    return request("post", url, data=data, json=json, **kwargs)
           ^^^^^^^^^^^^^^^^^^^^^^^^^^^^^^^^^^^^^^^^^^^^^^^^^^^^
/root/.venv/lib/python3.11/site-packages/requests/api.py:59: in request
    return session.request(method=method, url=url, **kwargs)
           ^^^^^^^^^^^^^^^^^^^^^^^^^^^^^^^^^^^^^^^^^^^^^^^^^
/root/.venv/lib/python3.11/site-packages/requests/sessions.py:589: in request
    resp = self.send(prep, **send_kwargs)
           ^^^^^^^^^^^^^^^^^^^^^^^^^^^^^^
/root/.venv/lib/python3.11/site-packages/requests/sessions.py:703: in send
    r = adapter.send(request, **kwargs)
        ^^^^^^^^^^^^^^^^^^^^^^^^^^^^^^^
/root/.venv/lib/python3.11/site-packages/requests/adapters.py:700: in send
    raise ConnectionError(e, request=request)
E   requests.exceptions.ConnectionError: HTTPConnectionPool(host='localhost', port=3300): Max retries exceeded with url: /api/tatum-crypto-webhook (Caused by NewConnectionError("HTTPConnection(host='localhost', port=3300): Failed to establish a new connection: [Errno 111] Connection refused"))</failure></testcase><testcase classname="tests.test_webhook_queue.TestWebhookQueueFunctionality" name="test_webhook_with_all_fields" time="0.001"><failure message="requests.exceptions.ConnectionError: HTTPConnectionPool(host='localhost', port=3300): Max retries exceeded with url: /api/tatum-crypto-webhook (Caused by NewConnectionError(&quot;HTTPConnection(host='localhost', port=3300): Failed to establish a new connection: [Errno 111] Connection refused&quot;))">/root/.venv/lib/python3.11/site-packages/urllib3/connection.py:204: in _new_conn
    sock = connection.create_connection(
/root/.venv/lib/python3.11/site-packages/urllib3/util/connection.py:85: in create_connection
    raise err
/root/.venv/lib/python3.11/site-packages/urllib3/util/connection.py:73: in create_connection
    sock.connect(sa)
E   ConnectionRefusedError: [Errno 111] Connection refused

The above exception was the direct cause of the following exception:
/root/.venv/lib/python3.11/site-packages/urllib3/connectionpool.py:787: in urlopen
    response = self._make_request(
/root/.venv/lib/python3.11/site-packages/urllib3/connectionpool.py:493: in _make_request
    conn.request(
/root/.venv/lib/python3.11/site-packages/urllib3/connection.py:500: in request
    self.endheaders()
/usr/local/lib/python3.11/http/client.py:1298: in endheaders
    self._send_output(message_body, encode_chunked=encode_chunked)
/usr/local/lib/python3.11/http/client.py:1058: in _send_output
    self.send(msg)
/usr/local/lib/python3.11/http/client.py:996: in send
    self.connect()
/root/.venv/lib/python3.11/site-packages/urllib3/connection.py:331: in connect
    self.sock = self._new_conn()
                ^^^^^^^^^^^^^^^^
/root/.venv/lib/python3.11/site-packages/urllib3/connection.py:219: in _new_conn
    raise NewConnectionError(
E   urllib3.exceptions.NewConnectionError: HTTPConnection(host='localhost', port=3300): Failed to establish a new connection: [Errno 111] Connection refused

The above exception was the direct cause of the following exception:
/root/.venv/lib/python3.11/site-packages/requests/adapters.py:667: in send
    resp = conn.urlopen(
/root/.venv/lib/python3.11/site-packages/urllib3/connectionpool.py:841: in urlopen
    retries = retries.increment(
/root/.venv/lib/python3.11/site-packages/urllib3/util/retry.py:535: in increment
    raise MaxRetryError(_pool, url, reason) from reason  # type: ignore[arg-type]
    ^^^^^^^^^^^^^^^^^^^^^^^^^^^^^^^^^^^^^^^^^^^^^^^^^^^
E   urllib3.exceptions.MaxRetryError: HTTPConnectionPool(host='localhost', port=3300): Max retries exceeded with url: /api/tatum-crypto-webhook (Caused by NewConnectionError("HTTPConnection(host='localhost', port=3300): Failed to establish a new connection: [Errno 111] Connection refused"))

During handling of the above exception, another exception occurred:
tests/test_webhook_queue.py:325: in test_webhook_with_all_fields
    response = requests.post(
/root/.venv/lib/python3.11/site-packages/requests/api.py:115: in post
    return request("post", url, data=data, json=json, **kwargs)
           ^^^^^^^^^^^^^^^^^^^^^^^^^^^^^^^^^^^^^^^^^^^^^^^^^^^^
/root/.venv/lib/python3.11/site-packages/requests/api.py:59: in request
    return session.request(method=method, url=url, **kwargs)
           ^^^^^^^^^^^^^^^^^^^^^^^^^^^^^^^^^^^^^^^^^^^^^^^^^
/root/.venv/lib/python3.11/site-packages/requests/sessions.py:589: in request
    resp = self.send(prep, **send_kwargs)
           ^^^^^^^^^^^^^^^^^^^^^^^^^^^^^^
/root/.venv/lib/python3.11/site-packages/requests/sessions.py:703: in send
    r = adapter.send(request, **kwargs)
        ^^^^^^^^^^^^^^^^^^^^^^^^^^^^^^^
/root/.venv/lib/python3.11/site-packages/requests/adapters.py:700: in send
    raise ConnectionError(e, request=request)
E   requests.exceptions.ConnectionError: HTTPConnectionPool(host='localhost', port=3300): Max retries exceeded with url: /api/tatum-crypto-webhook (Caused by NewConnectionError("HTTPConnection(host='localhost', port=3300): Failed to establish a new connection: [Errno 111] Connection refused"))</failure></testcase></testsuite></testsuites>