<?xml version="1.0" encoding="utf-8"?><testsuites name="pytest tests"><testsuite name="pytest" errors="0" failures="0" skipped="11" tests="12" time="0.995" timestamp="2026-02-03T17:17:39.054926+00:00" hostname="agent-env-18a1a77d-4a57-4e12-a2bd-cba597957fb5"><testcase classname="backend.tests.test_accepted_currencies" name="test_get_company_currencies_success" time="0.709"><skipped type="pytest.skip" message="Authentication failed">/app/backend/tests/test_accepted_currencies.py:68: Authentication failed</skipped></testcase><testcase classname="backend.tests.test_accepted_currencies" name="test_get_company_currencies_invalid_company" time="0.018"><skipped type="pytest.skip" message="Authentication failed">/app/backend/tests/test_accepted_currencies.py:68: Authentication failed</skipped></testcase><testcase classname="backend.tests.test_accepted_currencies" name="test_create_payment_link_with_accepted_currencies" time="0.017"><skipped type="pytest.skip" message="Authentication failed">/app/backend/tests/test_accepted_currencies.py:68: Authentication failed</skipped></testcase><testcase classname="backend.tests.test_accepted_currencies" name="test_create_payment_link_without_accepted_currencies" time="0.021"><skipped type="pytest.skip" message="Authentication failed">/app/backend/tests/test_accepted_currencies.py:68: Authentication failed</skipped></testcase><testcase classname="backend.tests.test_accepted_currencies" name="test_create_payment_link_invalid_crypto_type" time="0.016"><skipped type="pytest.skip" message="Authentication failed">/app/backend/tests/test_accepted_currencies.py:68: Authentication failed</skipped></testcase><testcase classname="backend.tests.test_accepted_currencies" name="test_create_payment_link_unconfigured_wallet" time="0.018"><skipped type="pytest.skip" message="Authentication failed">/app/backend/tests/test_accepted_currencies.py:68: Authentication failed</skipped></testcase><testcase classname="backend.tests.test_accepted_currencies" name="test_get_payment_link_returns_accepted_currencies" time="0.019"><skipped type="pytest.skip" message="Authentication failed">/app/backend/tests/test_accepted_currencies.py:68: Authentication failed</skipped></testcase><testcase classname="backend.tests.test_accepted_currencies" name="test_update_payment_link_accepted_currencies" time="0.019"><skipped type="pytest.skip" message="Authentication failed">/app/backend/tests/test_accepted_currencies.py:68: Authentication failed</skipped></testcase><testcase classname="backend.tests.test_accepted_currencies" name="test_update_payment_link_clear_accepted_currencies" time="0.018"><skipped type="pytest.skip" message="Authentication failed">/app/backend/tests/test_accepted_currencies.py:68: Authentication failed</skipped></testcase><testcase classname="backend.tests.test_accepted_currencies" name="test_update_payment_link_invalid_crypto" time="0.017"><skipped type="pytest.skip" message="Authentication failed">/app/backend/tests/test_accepted_currencies.py:68: Authentication failed</skipped></testcase><testcase classname="backend.tests.test_accepted_currencies" name="test_update_payment_link_unconfigured_wallet" time="0.014"><skipped type="pytest.skip" message="Authentication failed">/app/backend/tests/test_accepted_currencies.py:68: Authentication failed</skipped></testcase><testcase classname="backend.tests.test_accepted_currencies" name="test_zz_cleanup" time="0.000" /></testsuite></testsuites>